This is pdfTeX, Version 3.14159265-2.6-1.40.21 (TeX Live 2020) (preloaded format=pdflatex 2021.4.21)  6 SEP 2021 14:41
entering extended mode
 restricted \write18 enabled.
 file:line:error style messages enabled.
 %&-line parsing enabled.
**/Users/metinsan/Documents/doktor/AST2000/interactive-notes/1B/interaktive_forelesningsnotater_1B_del1_av_2.tex
(/Users/metinsan/Documents/doktor/AST2000/interactive-notes/1B/interaktive_forelesningsnotater_1B_del1_av_2.tex
LaTeX2e <2020-02-02> patch level 5
L3 programming layer <2020-03-06> (/usr/local/texlive/2020/texmf-dist/tex/latex/beamer/beamer.cls
Document Class: beamer 2019/09/29 v3.57 A class for typesetting presentations
(/usr/local/texlive/2020/texmf-dist/tex/latex/beamer/beamerbasemodes.sty (/usr/local/texlive/2020/texmf-dist/tex/latex/etoolbox/etoolbox.sty
Package: etoolbox 2019/09/21 v2.5h e-TeX tools for LaTeX (JAW)
\etb@tempcnta=\count167
)
\beamer@tempbox=\box45
\beamer@tempcount=\count168
\c@beamerpauses=\count169
 (/usr/local/texlive/2020/texmf-dist/tex/latex/beamer/beamerbasedecode.sty
\beamer@slideinframe=\count170
\beamer@minimum=\count171
\beamer@decode@box=\box46
)
\beamer@commentbox=\box47
\beamer@modecount=\count172
) (/usr/local/texlive/2020/texmf-dist/tex/generic/iftex/ifpdf.sty
Package: ifpdf 2019/10/25 v3.4 ifpdf legacy package. Use iftex instead.
 (/usr/local/texlive/2020/texmf-dist/tex/generic/iftex/iftex.sty
Package: iftex 2020/03/06 v1.0d TeX engine tests
))
\headdp=\dimen134
\footheight=\dimen135
\sidebarheight=\dimen136
\beamer@tempdim=\dimen137
\beamer@finalheight=\dimen138
\beamer@animht=\dimen139
\beamer@animdp=\dimen140
\beamer@animwd=\dimen141
\beamer@leftmargin=\dimen142
\beamer@rightmargin=\dimen143
\beamer@leftsidebar=\dimen144
\beamer@rightsidebar=\dimen145
\beamer@boxsize=\dimen146
\beamer@vboxoffset=\dimen147
\beamer@descdefault=\dimen148
\beamer@descriptionwidth=\dimen149
\beamer@lastskip=\skip47
\beamer@areabox=\box48
\beamer@animcurrent=\box49
\beamer@animshowbox=\box50
\beamer@sectionbox=\box51
\beamer@logobox=\box52
\beamer@linebox=\box53
\beamer@sectioncount=\count173
\beamer@subsubsectionmax=\count174
\beamer@subsectionmax=\count175
\beamer@sectionmax=\count176
\beamer@totalheads=\count177
\beamer@headcounter=\count178
\beamer@partstartpage=\count179
\beamer@sectionstartpage=\count180
\beamer@subsectionstartpage=\count181
\beamer@animationtempa=\count182
\beamer@animationtempb=\count183
\beamer@xpos=\count184
\beamer@ypos=\count185
\beamer@ypos@offset=\count186
\beamer@showpartnumber=\count187
\beamer@currentsubsection=\count188
\beamer@coveringdepth=\count189
\beamer@sectionadjust=\count190
\beamer@tocsectionnumber=\count191
 (/usr/local/texlive/2020/texmf-dist/tex/latex/beamer/beamerbaseoptions.sty (/usr/local/texlive/2020/texmf-dist/tex/latex/graphics/keyval.sty
Package: keyval 2014/10/28 v1.15 key=value parser (DPC)
\KV@toks@=\toks15
))
\beamer@paperwidth=\skip48
\beamer@paperheight=\skip49
 (/usr/local/texlive/2020/texmf-dist/tex/latex/geometry/geometry.sty
Package: geometry 2020/01/02 v5.9 Page Geometry
 (/usr/local/texlive/2020/texmf-dist/tex/generic/iftex/ifvtex.sty
Package: ifvtex 2019/10/25 v1.7 ifvtex legacy package. Use iftex instead.
)
\Gm@cnth=\count192
\Gm@cntv=\count193
\c@Gm@tempcnt=\count194
\Gm@bindingoffset=\dimen150
\Gm@wd@mp=\dimen151
\Gm@odd@mp=\dimen152
\Gm@even@mp=\dimen153
\Gm@layoutwidth=\dimen154
\Gm@layoutheight=\dimen155
\Gm@layouthoffset=\dimen156
\Gm@layoutvoffset=\dimen157
\Gm@dimlist=\toks16
) (/usr/local/texlive/2020/texmf-dist/tex/latex/base/size11.clo
File: size11.clo 2019/12/20 v1.4l Standard LaTeX file (size option)
) (/usr/local/texlive/2020/texmf-dist/tex/latex/pgf/basiclayer/pgfcore.sty (/usr/local/texlive/2020/texmf-dist/tex/latex/graphics/graphicx.sty
Package: graphicx 2019/11/30 v1.2a Enhanced LaTeX Graphics (DPC,SPQR)
 (/usr/local/texlive/2020/texmf-dist/tex/latex/graphics/graphics.sty
Package: graphics 2019/11/30 v1.4a Standard LaTeX Graphics (DPC,SPQR)
 (/usr/local/texlive/2020/texmf-dist/tex/latex/graphics/trig.sty
Package: trig 2016/01/03 v1.10 sin cos tan (DPC)
) (/usr/local/texlive/2020/texmf-dist/tex/latex/graphics-cfg/graphics.cfg
File: graphics.cfg 2016/06/04 v1.11 sample graphics configuration
)
Package graphics Info: Driver file: pdftex.def on input line 105.
 (/usr/local/texlive/2020/texmf-dist/tex/latex/graphics-def/pdftex.def
File: pdftex.def 2018/01/08 v1.0l Graphics/color driver for pdftex
))
\Gin@req@height=\dimen158
\Gin@req@width=\dimen159
) (/usr/local/texlive/2020/texmf-dist/tex/latex/pgf/systemlayer/pgfsys.sty (/usr/local/texlive/2020/texmf-dist/tex/latex/pgf/utilities/pgfrcs.sty (/usr/local/texlive/2020/texmf-dist/tex/generic/pgf/utilities/pgfutil-common.tex
\pgfutil@everybye=\toks17
\pgfutil@tempdima=\dimen160
\pgfutil@tempdimb=\dimen161
 (/usr/local/texlive/2020/texmf-dist/tex/generic/pgf/utilities/pgfutil-common-lists.tex)) (/usr/local/texlive/2020/texmf-dist/tex/generic/pgf/utilities/pgfutil-latex.def
\pgfutil@abb=\box54
 (/usr/local/texlive/2020/texmf-dist/tex/latex/ms/everyshi.sty
Package: everyshi 2001/05/15 v3.00 EveryShipout Package (MS)
)) (/usr/local/texlive/2020/texmf-dist/tex/generic/pgf/utilities/pgfrcs.code.tex (/usr/local/texlive/2020/texmf-dist/tex/generic/pgf/pgf.revision.tex)
Package: pgfrcs 2020/01/08 v3.1.5b (3.1.5b)
)) (/usr/local/texlive/2020/texmf-dist/tex/generic/pgf/systemlayer/pgfsys.code.tex
Package: pgfsys 2020/01/08 v3.1.5b (3.1.5b)
 (/usr/local/texlive/2020/texmf-dist/tex/generic/pgf/utilities/pgfkeys.code.tex
\pgfkeys@pathtoks=\toks18
\pgfkeys@temptoks=\toks19
 (/usr/local/texlive/2020/texmf-dist/tex/generic/pgf/utilities/pgfkeysfiltered.code.tex
\pgfkeys@tmptoks=\toks20
))
\pgf@x=\dimen162
\pgf@y=\dimen163
\pgf@xa=\dimen164
\pgf@ya=\dimen165
\pgf@xb=\dimen166
\pgf@yb=\dimen167
\pgf@xc=\dimen168
\pgf@yc=\dimen169
\pgf@xd=\dimen170
\pgf@yd=\dimen171
\w@pgf@writea=\write3
\r@pgf@reada=\read2
\c@pgf@counta=\count195
\c@pgf@countb=\count196
\c@pgf@countc=\count197
\c@pgf@countd=\count198
\t@pgf@toka=\toks21
\t@pgf@tokb=\toks22
\t@pgf@tokc=\toks23
\pgf@sys@id@count=\count199
 (/usr/local/texlive/2020/texmf-dist/tex/generic/pgf/systemlayer/pgf.cfg
File: pgf.cfg 2020/01/08 v3.1.5b (3.1.5b)
)
Driver file for pgf: pgfsys-pdftex.def
 (/usr/local/texlive/2020/texmf-dist/tex/generic/pgf/systemlayer/pgfsys-pdftex.def
File: pgfsys-pdftex.def 2020/01/08 v3.1.5b (3.1.5b)
 (/usr/local/texlive/2020/texmf-dist/tex/generic/pgf/systemlayer/pgfsys-common-pdf.def
File: pgfsys-common-pdf.def 2020/01/08 v3.1.5b (3.1.5b)
))) (/usr/local/texlive/2020/texmf-dist/tex/generic/pgf/systemlayer/pgfsyssoftpath.code.tex
File: pgfsyssoftpath.code.tex 2020/01/08 v3.1.5b (3.1.5b)
\pgfsyssoftpath@smallbuffer@items=\count266
\pgfsyssoftpath@bigbuffer@items=\count267
) (/usr/local/texlive/2020/texmf-dist/tex/generic/pgf/systemlayer/pgfsysprotocol.code.tex
File: pgfsysprotocol.code.tex 2020/01/08 v3.1.5b (3.1.5b)
)) (/usr/local/texlive/2020/texmf-dist/tex/latex/xcolor/xcolor.sty
Package: xcolor 2016/05/11 v2.12 LaTeX color extensions (UK)
 (/usr/local/texlive/2020/texmf-dist/tex/latex/graphics-cfg/color.cfg
File: color.cfg 2016/01/02 v1.6 sample color configuration
)
Package xcolor Info: Driver file: pdftex.def on input line 225.
Package xcolor Info: Model `cmy' substituted by `cmy0' on input line 1348.
Package xcolor Info: Model `hsb' substituted by `rgb' on input line 1352.
Package xcolor Info: Model `RGB' extended on input line 1364.
Package xcolor Info: Model `HTML' substituted by `rgb' on input line 1366.
Package xcolor Info: Model `Hsb' substituted by `hsb' on input line 1367.
Package xcolor Info: Model `tHsb' substituted by `hsb' on input line 1368.
Package xcolor Info: Model `HSB' substituted by `hsb' on input line 1369.
Package xcolor Info: Model `Gray' substituted by `gray' on input line 1370.
Package xcolor Info: Model `wave' substituted by `hsb' on input line 1371.
) (/usr/local/texlive/2020/texmf-dist/tex/generic/pgf/basiclayer/pgfcore.code.tex
Package: pgfcore 2020/01/08 v3.1.5b (3.1.5b)
 (/usr/local/texlive/2020/texmf-dist/tex/generic/pgf/math/pgfmath.code.tex (/usr/local/texlive/2020/texmf-dist/tex/generic/pgf/math/pgfmathcalc.code.tex (/usr/local/texlive/2020/texmf-dist/tex/generic/pgf/math/pgfmathutil.code.tex) (/usr/local/texlive/2020/texmf-dist/tex/generic/pgf/math/pgfmathparser.code.tex
\pgfmath@dimen=\dimen172
\pgfmath@count=\count268
\pgfmath@box=\box55
\pgfmath@toks=\toks24
\pgfmath@stack@operand=\toks25
\pgfmath@stack@operation=\toks26
) (/usr/local/texlive/2020/texmf-dist/tex/generic/pgf/math/pgfmathfunctions.code.tex (/usr/local/texlive/2020/texmf-dist/tex/generic/pgf/math/pgfmathfunctions.basic.code.tex) (/usr/local/texlive/2020/texmf-dist/tex/generic/pgf/math/pgfmathfunctions.trigonometric.code.tex) (/usr/local/texlive/2020/texmf-dist/tex/generic/pgf/math/pgfmathfunctions.random.code.tex) (/usr/local/texlive/2020/texmf-dist/tex/generic/pgf/math/pgfmathfunctions.comparison.code.tex) (/usr/local/texlive/2020/texmf-dist/tex/generic/pgf/math/pgfmathfunctions.base.code.tex) (/usr/local/texlive/2020/texmf-dist/tex/generic/pgf/math/pgfmathfunctions.round.code.tex) (/usr/local/texlive/2020/texmf-dist/tex/generic/pgf/math/pgfmathfunctions.misc.code.tex) (/usr/local/texlive/2020/texmf-dist/tex/generic/pgf/math/pgfmathfunctions.integerarithmetics.code.tex))) (/usr/local/texlive/2020/texmf-dist/tex/generic/pgf/math/pgfmathfloat.code.tex
\c@pgfmathroundto@lastzeros=\count269
)) (/usr/local/texlive/2020/texmf-dist/tex/generic/pgf/math/pgfint.code.tex) (/usr/local/texlive/2020/texmf-dist/tex/generic/pgf/basiclayer/pgfcorepoints.code.tex
File: pgfcorepoints.code.tex 2020/01/08 v3.1.5b (3.1.5b)
\pgf@picminx=\dimen173
\pgf@picmaxx=\dimen174
\pgf@picminy=\dimen175
\pgf@picmaxy=\dimen176
\pgf@pathminx=\dimen177
\pgf@pathmaxx=\dimen178
\pgf@pathminy=\dimen179
\pgf@pathmaxy=\dimen180
\pgf@xx=\dimen181
\pgf@xy=\dimen182
\pgf@yx=\dimen183
\pgf@yy=\dimen184
\pgf@zx=\dimen185
\pgf@zy=\dimen186
) (/usr/local/texlive/2020/texmf-dist/tex/generic/pgf/basiclayer/pgfcorepathconstruct.code.tex
File: pgfcorepathconstruct.code.tex 2020/01/08 v3.1.5b (3.1.5b)
\pgf@path@lastx=\dimen187
\pgf@path@lasty=\dimen188
) (/usr/local/texlive/2020/texmf-dist/tex/generic/pgf/basiclayer/pgfcorepathusage.code.tex
File: pgfcorepathusage.code.tex 2020/01/08 v3.1.5b (3.1.5b)
\pgf@shorten@end@additional=\dimen189
\pgf@shorten@start@additional=\dimen190
) (/usr/local/texlive/2020/texmf-dist/tex/generic/pgf/basiclayer/pgfcorescopes.code.tex
File: pgfcorescopes.code.tex 2020/01/08 v3.1.5b (3.1.5b)
\pgfpic=\box56
\pgf@hbox=\box57
\pgf@layerbox@main=\box58
\pgf@picture@serial@count=\count270
) (/usr/local/texlive/2020/texmf-dist/tex/generic/pgf/basiclayer/pgfcoregraphicstate.code.tex
File: pgfcoregraphicstate.code.tex 2020/01/08 v3.1.5b (3.1.5b)
\pgflinewidth=\dimen191
) (/usr/local/texlive/2020/texmf-dist/tex/generic/pgf/basiclayer/pgfcoretransformations.code.tex
File: pgfcoretransformations.code.tex 2020/01/08 v3.1.5b (3.1.5b)
\pgf@pt@x=\dimen192
\pgf@pt@y=\dimen193
\pgf@pt@temp=\dimen194
) (/usr/local/texlive/2020/texmf-dist/tex/generic/pgf/basiclayer/pgfcorequick.code.tex
File: pgfcorequick.code.tex 2020/01/08 v3.1.5b (3.1.5b)
) (/usr/local/texlive/2020/texmf-dist/tex/generic/pgf/basiclayer/pgfcoreobjects.code.tex
File: pgfcoreobjects.code.tex 2020/01/08 v3.1.5b (3.1.5b)
) (/usr/local/texlive/2020/texmf-dist/tex/generic/pgf/basiclayer/pgfcorepathprocessing.code.tex
File: pgfcorepathprocessing.code.tex 2020/01/08 v3.1.5b (3.1.5b)
) (/usr/local/texlive/2020/texmf-dist/tex/generic/pgf/basiclayer/pgfcorearrows.code.tex
File: pgfcorearrows.code.tex 2020/01/08 v3.1.5b (3.1.5b)
\pgfarrowsep=\dimen195
) (/usr/local/texlive/2020/texmf-dist/tex/generic/pgf/basiclayer/pgfcoreshade.code.tex
File: pgfcoreshade.code.tex 2020/01/08 v3.1.5b (3.1.5b)
\pgf@max=\dimen196
\pgf@sys@shading@range@num=\count271
\pgf@shadingcount=\count272
) (/usr/local/texlive/2020/texmf-dist/tex/generic/pgf/basiclayer/pgfcoreimage.code.tex
File: pgfcoreimage.code.tex 2020/01/08 v3.1.5b (3.1.5b)
 (/usr/local/texlive/2020/texmf-dist/tex/generic/pgf/basiclayer/pgfcoreexternal.code.tex
File: pgfcoreexternal.code.tex 2020/01/08 v3.1.5b (3.1.5b)
\pgfexternal@startupbox=\box59
)) (/usr/local/texlive/2020/texmf-dist/tex/generic/pgf/basiclayer/pgfcorelayers.code.tex
File: pgfcorelayers.code.tex 2020/01/08 v3.1.5b (3.1.5b)
) (/usr/local/texlive/2020/texmf-dist/tex/generic/pgf/basiclayer/pgfcoretransparency.code.tex
File: pgfcoretransparency.code.tex 2020/01/08 v3.1.5b (3.1.5b)
) (/usr/local/texlive/2020/texmf-dist/tex/generic/pgf/basiclayer/pgfcorepatterns.code.tex
File: pgfcorepatterns.code.tex 2020/01/08 v3.1.5b (3.1.5b)
) (/usr/local/texlive/2020/texmf-dist/tex/generic/pgf/basiclayer/pgfcorerdf.code.tex
File: pgfcorerdf.code.tex 2020/01/08 v3.1.5b (3.1.5b)
))) (/usr/local/texlive/2020/texmf-dist/tex/latex/pgf/utilities/xxcolor.sty
Package: xxcolor 2003/10/24 ver 0.1
\XC@nummixins=\count273
\XC@countmixins=\count274
) (/usr/local/texlive/2020/texmf-dist/tex/generic/atbegshi/atbegshi.sty
Package: atbegshi 2019/12/05 v1.19 At begin shipout hook (HO)
 (/usr/local/texlive/2020/texmf-dist/tex/generic/infwarerr/infwarerr.sty
Package: infwarerr 2019/12/03 v1.5 Providing info/warning/error messages (HO)
) (/usr/local/texlive/2020/texmf-dist/tex/generic/ltxcmds/ltxcmds.sty
Package: ltxcmds 2019/12/15 v1.24 LaTeX kernel commands for general use (HO)
)) (/usr/local/texlive/2020/texmf-dist/tex/latex/hyperref/hyperref.sty
Package: hyperref 2020/01/14 v7.00d Hypertext links for LaTeX
 (/usr/local/texlive/2020/texmf-dist/tex/latex/pdftexcmds/pdftexcmds.sty
Package: pdftexcmds 2019/11/24 v0.31 Utility functions of pdfTeX for LuaTeX (HO)
Package pdftexcmds Info: \pdf@primitive is available.
Package pdftexcmds Info: \pdf@ifprimitive is available.
Package pdftexcmds Info: \pdfdraftmode found.
) (/usr/local/texlive/2020/texmf-dist/tex/generic/kvsetkeys/kvsetkeys.sty
Package: kvsetkeys 2019/12/15 v1.18 Key value parser (HO)
) (/usr/local/texlive/2020/texmf-dist/tex/generic/kvdefinekeys/kvdefinekeys.sty
Package: kvdefinekeys 2019-12-19 v1.6 Define keys (HO)
) (/usr/local/texlive/2020/texmf-dist/tex/generic/pdfescape/pdfescape.sty
Package: pdfescape 2019/12/09 v1.15 Implements pdfTeX's escape features (HO)
) (/usr/local/texlive/2020/texmf-dist/tex/latex/hycolor/hycolor.sty
Package: hycolor 2020-01-27 v1.10 Color options for hyperref/bookmark (HO)
) (/usr/local/texlive/2020/texmf-dist/tex/latex/letltxmacro/letltxmacro.sty
Package: letltxmacro 2019/12/03 v1.6 Let assignment for LaTeX macros (HO)
) (/usr/local/texlive/2020/texmf-dist/tex/latex/auxhook/auxhook.sty
Package: auxhook 2019-12-17 v1.6 Hooks for auxiliary files (HO)
) (/usr/local/texlive/2020/texmf-dist/tex/latex/kvoptions/kvoptions.sty
Package: kvoptions 2019/11/29 v3.13 Key value format for package options (HO)
)
\@linkdim=\dimen197
\Hy@linkcounter=\count275
\Hy@pagecounter=\count276
 (/usr/local/texlive/2020/texmf-dist/tex/latex/hyperref/pd1enc.def
File: pd1enc.def 2020/01/14 v7.00d Hyperref: PDFDocEncoding definition (HO)
Now handling font encoding PD1 ...
... no UTF-8 mapping file for font encoding PD1
) (/usr/local/texlive/2020/texmf-dist/tex/generic/intcalc/intcalc.sty
Package: intcalc 2019/12/15 v1.3 Expandable calculations with integers (HO)
) (/usr/local/texlive/2020/texmf-dist/tex/generic/etexcmds/etexcmds.sty
Package: etexcmds 2019/12/15 v1.7 Avoid name clashes with e-TeX commands (HO)
)
\Hy@SavedSpaceFactor=\count277
Package hyperref Info: Option `bookmarks' set `true' on input line 4421.
Package hyperref Info: Option `bookmarksopen' set `true' on input line 4421.
Package hyperref Info: Option `implicit' set `false' on input line 4421.
Package hyperref Info: Hyper figures OFF on input line 4547.
Package hyperref Info: Link nesting OFF on input line 4552.
Package hyperref Info: Hyper index ON on input line 4555.
Package hyperref Info: Plain pages OFF on input line 4562.
Package hyperref Info: Backreferencing OFF on input line 4567.
Package hyperref Info: Implicit mode OFF; no redefinition of LaTeX internals.
Package hyperref Info: Bookmarks ON on input line 4800.
\c@Hy@tempcnt=\count278
 (/usr/local/texlive/2020/texmf-dist/tex/latex/url/url.sty
\Urlmuskip=\muskip16
Package: url 2013/09/16  ver 3.4  Verb mode for urls, etc.
)
LaTeX Info: Redefining \url on input line 5159.
\XeTeXLinkMargin=\dimen198
 (/usr/local/texlive/2020/texmf-dist/tex/generic/bitset/bitset.sty
Package: bitset 2019/12/09 v1.3 Handle bit-vector datatype (HO)
 (/usr/local/texlive/2020/texmf-dist/tex/generic/bigintcalc/bigintcalc.sty
Package: bigintcalc 2019/12/15 v1.5 Expandable calculations on big integers (HO)
))
\Fld@menulength=\count279
\Field@Width=\dimen199
\Fld@charsize=\dimen256
Package hyperref Info: Hyper figures OFF on input line 6430.
Package hyperref Info: Link nesting OFF on input line 6435.
Package hyperref Info: Hyper index ON on input line 6438.
Package hyperref Info: backreferencing OFF on input line 6445.
Package hyperref Info: Link coloring OFF on input line 6450.
Package hyperref Info: Link coloring with OCG OFF on input line 6455.
Package hyperref Info: PDF/A mode OFF on input line 6460.
LaTeX Info: Redefining \ref on input line 6500.
LaTeX Info: Redefining \pageref on input line 6504.
\Hy@abspage=\count280


Package hyperref Message: Stopped early.

)
Package hyperref Info: Driver (autodetected): hpdftex.
 (/usr/local/texlive/2020/texmf-dist/tex/latex/hyperref/hpdftex.def
File: hpdftex.def 2020/01/14 v7.00d Hyperref driver for pdfTeX
 (/usr/local/texlive/2020/texmf-dist/tex/latex/atveryend/atveryend.sty
Package: atveryend 2019-12-11 v1.11 Hooks at the very end of document (HO)
)
\Fld@listcount=\count281
\c@bookmark@seq@number=\count282
 (/usr/local/texlive/2020/texmf-dist/tex/latex/rerunfilecheck/rerunfilecheck.sty
Package: rerunfilecheck 2019/12/05 v1.9 Rerun checks for auxiliary files (HO)
 (/usr/local/texlive/2020/texmf-dist/tex/generic/uniquecounter/uniquecounter.sty
Package: uniquecounter 2019/12/15 v1.4 Provide unlimited unique counter (HO)
)
Package uniquecounter Info: New unique counter `rerunfilecheck' on input line 286.
)) (/usr/local/texlive/2020/texmf-dist/tex/latex/beamer/beamerbaserequires.sty (/usr/local/texlive/2020/texmf-dist/tex/latex/beamer/beamerbasecompatibility.sty) (/usr/local/texlive/2020/texmf-dist/tex/latex/beamer/beamerbasefont.sty (/usr/local/texlive/2020/texmf-dist/tex/latex/amsfonts/amssymb.sty
Package: amssymb 2013/01/14 v3.01 AMS font symbols
 (/usr/local/texlive/2020/texmf-dist/tex/latex/amsfonts/amsfonts.sty
Package: amsfonts 2013/01/14 v3.01 Basic AMSFonts support
\@emptytoks=\toks27
\symAMSa=\mathgroup4
\symAMSb=\mathgroup5
LaTeX Font Info:    Redeclaring math symbol \hbar on input line 98.
LaTeX Font Info:    Overwriting math alphabet `\mathfrak' in version `bold'
(Font)                  U/euf/m/n --> U/euf/b/n on input line 106.
)) (/usr/local/texlive/2020/texmf-dist/tex/latex/sansmathaccent/sansmathaccent.sty
Package: sansmathaccent 2020/01/31
 (/usr/local/texlive/2020/texmf-dist/tex/latex/koma-script/scrlfile.sty
Package: scrlfile 2020/01/24 v3.29 KOMA-Script package (loading files)
))) (/usr/local/texlive/2020/texmf-dist/tex/latex/beamer/beamerbasetranslator.sty (/usr/local/texlive/2020/texmf-dist/tex/latex/translator/translator.sty
Package: translator 2019-05-31 v1.12a Easy translation of strings in LaTeX
)) (/usr/local/texlive/2020/texmf-dist/tex/latex/beamer/beamerbasemisc.sty) (/usr/local/texlive/2020/texmf-dist/tex/latex/beamer/beamerbasetwoscreens.sty) (/usr/local/texlive/2020/texmf-dist/tex/latex/beamer/beamerbaseoverlay.sty
\beamer@argscount=\count283
\beamer@lastskipcover=\skip50
\beamer@trivlistdepth=\count284
) (/usr/local/texlive/2020/texmf-dist/tex/latex/beamer/beamerbasetitle.sty) (/usr/local/texlive/2020/texmf-dist/tex/latex/beamer/beamerbasesection.sty
\c@lecture=\count285
\c@part=\count286
\c@section=\count287
\c@subsection=\count288
\c@subsubsection=\count289
) (/usr/local/texlive/2020/texmf-dist/tex/latex/beamer/beamerbaseframe.sty
\beamer@framebox=\box60
\beamer@frametitlebox=\box61
\beamer@zoombox=\box62
\beamer@zoomcount=\count290
\beamer@zoomframecount=\count291
\beamer@frametextheight=\dimen257
\c@subsectionslide=\count292
\beamer@frametopskip=\skip51
\beamer@framebottomskip=\skip52
\beamer@frametopskipautobreak=\skip53
\beamer@framebottomskipautobreak=\skip54
\beamer@envbody=\toks28
\framewidth=\dimen258
\c@framenumber=\count293
) (/usr/local/texlive/2020/texmf-dist/tex/latex/beamer/beamerbaseverbatim.sty
\beamer@verbatimfileout=\write4
) (/usr/local/texlive/2020/texmf-dist/tex/latex/beamer/beamerbaseframesize.sty
\beamer@splitbox=\box63
\beamer@autobreakcount=\count294
\beamer@autobreaklastheight=\dimen259
\beamer@frametitletoks=\toks29
\beamer@framesubtitletoks=\toks30
) (/usr/local/texlive/2020/texmf-dist/tex/latex/beamer/beamerbaseframecomponents.sty
\beamer@footins=\box64
) (/usr/local/texlive/2020/texmf-dist/tex/latex/beamer/beamerbasecolor.sty) (/usr/local/texlive/2020/texmf-dist/tex/latex/beamer/beamerbasenotes.sty
\beamer@frameboxcopy=\box65
) (/usr/local/texlive/2020/texmf-dist/tex/latex/beamer/beamerbasetoc.sty) (/usr/local/texlive/2020/texmf-dist/tex/latex/beamer/beamerbasetemplates.sty
\beamer@sbttoks=\toks31
 (/usr/local/texlive/2020/texmf-dist/tex/latex/beamer/beamerbaseauxtemplates.sty (/usr/local/texlive/2020/texmf-dist/tex/latex/beamer/beamerbaseboxes.sty
\bmb@box=\box66
\bmb@colorbox=\box67
\bmb@boxshadow=\box68
\bmb@boxshadowball=\box69
\bmb@boxshadowballlarge=\box70
\bmb@temp=\dimen260
\bmb@dima=\dimen261
\bmb@dimb=\dimen262
\bmb@prevheight=\dimen263
)
\beamer@blockheadheight=\dimen264
)) (/usr/local/texlive/2020/texmf-dist/tex/latex/beamer/beamerbaselocalstructure.sty (/usr/local/texlive/2020/texmf-dist/tex/latex/tools/enumerate.sty
Package: enumerate 2015/07/23 v3.00 enumerate extensions (DPC)
\@enLab=\toks32
)
\c@figure=\count295
\c@table=\count296
\abovecaptionskip=\skip55
\belowcaptionskip=\skip56
) (/usr/local/texlive/2020/texmf-dist/tex/latex/beamer/beamerbasenavigation.sty
\beamer@section@min@dim=\dimen265
) (/usr/local/texlive/2020/texmf-dist/tex/latex/beamer/beamerbasetheorems.sty (/usr/local/texlive/2020/texmf-dist/tex/latex/amsmath/amsmath.sty
Package: amsmath 2020/01/20 v2.17e AMS math features
\@mathmargin=\skip57

For additional information on amsmath, use the `?' option.
(/usr/local/texlive/2020/texmf-dist/tex/latex/amsmath/amstext.sty
Package: amstext 2000/06/29 v2.01 AMS text
 (/usr/local/texlive/2020/texmf-dist/tex/latex/amsmath/amsgen.sty
File: amsgen.sty 1999/11/30 v2.0 generic functions
\@emptytoks=\toks33
\ex@=\dimen266
)) (/usr/local/texlive/2020/texmf-dist/tex/latex/amsmath/amsbsy.sty
Package: amsbsy 1999/11/29 v1.2d Bold Symbols
\pmbraise@=\dimen267
) (/usr/local/texlive/2020/texmf-dist/tex/latex/amsmath/amsopn.sty
Package: amsopn 2016/03/08 v2.02 operator names
)
\inf@bad=\count297
LaTeX Info: Redefining \frac on input line 227.
\uproot@=\count298
\leftroot@=\count299
LaTeX Info: Redefining \overline on input line 389.
\classnum@=\count300
\DOTSCASE@=\count301
LaTeX Info: Redefining \ldots on input line 486.
LaTeX Info: Redefining \dots on input line 489.
LaTeX Info: Redefining \cdots on input line 610.
\Mathstrutbox@=\box71
\strutbox@=\box72
\big@size=\dimen268
LaTeX Font Info:    Redeclaring font encoding OML on input line 733.
LaTeX Font Info:    Redeclaring font encoding OMS on input line 734.
\macc@depth=\count302
\c@MaxMatrixCols=\count303
\dotsspace@=\muskip17
\c@parentequation=\count304
\dspbrk@lvl=\count305
\tag@help=\toks34
\row@=\count306
\column@=\count307
\maxfields@=\count308
\andhelp@=\toks35
\eqnshift@=\dimen269
\alignsep@=\dimen270
\tagshift@=\dimen271
\tagwidth@=\dimen272
\totwidth@=\dimen273
\lineht@=\dimen274
\@envbody=\toks36
\multlinegap=\skip58
\multlinetaggap=\skip59
\mathdisplay@stack=\toks37
LaTeX Info: Redefining \[ on input line 2859.
LaTeX Info: Redefining \] on input line 2860.
) (/usr/local/texlive/2020/texmf-dist/tex/latex/amscls/amsthm.sty
Package: amsthm 2017/10/31 v2.20.4
\thm@style=\toks38
\thm@bodyfont=\toks39
\thm@headfont=\toks40
\thm@notefont=\toks41
\thm@headpunct=\toks42
\thm@preskip=\skip60
\thm@postskip=\skip61
\thm@headsep=\skip62
\dth@everypar=\toks43
)
\c@theorem=\count309
) (/usr/local/texlive/2020/texmf-dist/tex/latex/beamer/beamerbasethemes.sty)) (/usr/local/texlive/2020/texmf-dist/tex/latex/beamer/beamerthemedefault.sty (/usr/local/texlive/2020/texmf-dist/tex/latex/beamer/beamerfontthemedefault.sty) (/usr/local/texlive/2020/texmf-dist/tex/latex/beamer/beamercolorthemedefault.sty) (/usr/local/texlive/2020/texmf-dist/tex/latex/beamer/beamerinnerthemedefault.sty
\beamer@dima=\dimen275
\beamer@dimb=\dimen276
) (/usr/local/texlive/2020/texmf-dist/tex/latex/beamer/beamerouterthemedefault.sty))) (/Users/metinsan/Documents/doktor/AST2000/interactive-notes/1B/usercommands.tex) (/usr/local/texlive/2020/texmf-dist/tex/latex/beamer/beamerthemeBoadilla.sty (/usr/local/texlive/2020/texmf-dist/tex/latex/beamer/beamercolorthemerose.sty) (/usr/local/texlive/2020/texmf-dist/tex/latex/beamer/beamerinnerthemerounded.sty) (/usr/local/texlive/2020/texmf-dist/tex/latex/beamer/beamercolorthemedolphin.sty) (/usr/local/texlive/2020/texmf-dist/tex/latex/beamer/beamerouterthemeinfolines.sty)) (/usr/local/texlive/2020/texmf-dist/tex/latex/pgf/frontendlayer/tikz.sty (/usr/local/texlive/2020/texmf-dist/tex/latex/pgf/basiclayer/pgf.sty
Package: pgf 2020/01/08 v3.1.5b (3.1.5b)
 (/usr/local/texlive/2020/texmf-dist/tex/generic/pgf/modules/pgfmoduleshapes.code.tex
File: pgfmoduleshapes.code.tex 2020/01/08 v3.1.5b (3.1.5b)
\pgfnodeparttextbox=\box73
) (/usr/local/texlive/2020/texmf-dist/tex/generic/pgf/modules/pgfmoduleplot.code.tex
File: pgfmoduleplot.code.tex 2020/01/08 v3.1.5b (3.1.5b)
) (/usr/local/texlive/2020/texmf-dist/tex/latex/pgf/compatibility/pgfcomp-version-0-65.sty
Package: pgfcomp-version-0-65 2020/01/08 v3.1.5b (3.1.5b)
\pgf@nodesepstart=\dimen277
\pgf@nodesepend=\dimen278
) (/usr/local/texlive/2020/texmf-dist/tex/latex/pgf/compatibility/pgfcomp-version-1-18.sty
Package: pgfcomp-version-1-18 2020/01/08 v3.1.5b (3.1.5b)
)) (/usr/local/texlive/2020/texmf-dist/tex/latex/pgf/utilities/pgffor.sty (/usr/local/texlive/2020/texmf-dist/tex/latex/pgf/utilities/pgfkeys.sty (/usr/local/texlive/2020/texmf-dist/tex/generic/pgf/utilities/pgfkeys.code.tex)) (/usr/local/texlive/2020/texmf-dist/tex/latex/pgf/math/pgfmath.sty (/usr/local/texlive/2020/texmf-dist/tex/generic/pgf/math/pgfmath.code.tex)) (/usr/local/texlive/2020/texmf-dist/tex/generic/pgf/utilities/pgffor.code.tex
Package: pgffor 2020/01/08 v3.1.5b (3.1.5b)
 (/usr/local/texlive/2020/texmf-dist/tex/generic/pgf/math/pgfmath.code.tex)
\pgffor@iter=\dimen279
\pgffor@skip=\dimen280
\pgffor@stack=\toks44
\pgffor@toks=\toks45
)) (/usr/local/texlive/2020/texmf-dist/tex/generic/pgf/frontendlayer/tikz/tikz.code.tex
Package: tikz 2020/01/08 v3.1.5b (3.1.5b)
 (/usr/local/texlive/2020/texmf-dist/tex/generic/pgf/libraries/pgflibraryplothandlers.code.tex
File: pgflibraryplothandlers.code.tex 2020/01/08 v3.1.5b (3.1.5b)
\pgf@plot@mark@count=\count310
\pgfplotmarksize=\dimen281
)
\tikz@lastx=\dimen282
\tikz@lasty=\dimen283
\tikz@lastxsaved=\dimen284
\tikz@lastysaved=\dimen285
\tikz@lastmovetox=\dimen286
\tikz@lastmovetoy=\dimen287
\tikzleveldistance=\dimen288
\tikzsiblingdistance=\dimen289
\tikz@figbox=\box74
\tikz@figbox@bg=\box75
\tikz@tempbox=\box76
\tikz@tempbox@bg=\box77
\tikztreelevel=\count311
\tikznumberofchildren=\count312
\tikznumberofcurrentchild=\count313
\tikz@fig@count=\count314
 (/usr/local/texlive/2020/texmf-dist/tex/generic/pgf/modules/pgfmodulematrix.code.tex
File: pgfmodulematrix.code.tex 2020/01/08 v3.1.5b (3.1.5b)
\pgfmatrixcurrentrow=\count315
\pgfmatrixcurrentcolumn=\count316
\pgf@matrix@numberofcolumns=\count317
)
\tikz@expandcount=\count318
 (/usr/local/texlive/2020/texmf-dist/tex/generic/pgf/frontendlayer/tikz/libraries/tikzlibrarytopaths.code.tex
File: tikzlibrarytopaths.code.tex 2020/01/08 v3.1.5b (3.1.5b)
))) (/usr/local/texlive/2020/texmf-dist/tex/latex/cancel/cancel.sty
Package: cancel 2013/04/12 v2.2 Cancel math terms
) (/usr/local/texlive/2020/texmf-dist/tex/latex/tikzsymbols/tikzsymbols.sty (/usr/local/texlive/2020/texmf-dist/tex/latex/l3packages/xparse/xparse.sty (/usr/local/texlive/2020/texmf-dist/tex/latex/l3kernel/expl3.sty
Package: expl3 2020-03-06 L3 programming layer (loader) 
 (/usr/local/texlive/2020/texmf-dist/tex/latex/l3backend/l3backend-pdfmode.def
File: l3backend-pdfmode.def 2020-03-12 L3 backend support: PDF mode
\l__kernel_color_stack_int=\count319
\l__pdf_internal_box=\box78
))
Package: xparse 2020-03-06 L3 Experimental document command parser
\l__xparse_current_arg_int=\count320
\g__xparse_grabber_int=\count321
\l__xparse_m_args_int=\count322
\l__xparse_v_nesting_int=\count323
)
Package: tikzsymbols 2019/02/08 v4.10c Some symbols created using tikz and LaTeX3.
 (/usr/local/texlive/2020/texmf-dist/tex/latex/tools/xspace.sty
Package: xspace 2014/10/28 v1.13 Space after command names (DPC,MH)
) (/usr/local/texlive/2020/texmf-dist/tex/latex/l3packages/l3keys2e/l3keys2e.sty
Package: l3keys2e 2020-03-06 LaTeX2e option processing using LaTeX3 keys
) (/usr/local/texlive/2020/texmf-dist/tex/generic/pgf/frontendlayer/tikz/libraries/tikzlibraryarrows.code.tex
File: tikzlibraryarrows.code.tex 2020/01/08 v3.1.5b (3.1.5b)
 (/usr/local/texlive/2020/texmf-dist/tex/generic/pgf/libraries/pgflibraryarrows.code.tex
File: pgflibraryarrows.code.tex 2020/01/08 v3.1.5b (3.1.5b)
\arrowsize=\dimen290
)) (/usr/local/texlive/2020/texmf-dist/tex/generic/pgf/frontendlayer/tikz/libraries/tikzlibrarydecorations.pathmorphing.code.tex (/usr/local/texlive/2020/texmf-dist/tex/generic/pgf/frontendlayer/tikz/libraries/tikzlibrarydecorations.code.tex (/usr/local/texlive/2020/texmf-dist/tex/generic/pgf/modules/pgfmoduledecorations.code.tex
\pgfdecoratedcompleteddistance=\dimen291
\pgfdecoratedremainingdistance=\dimen292
\pgfdecoratedinputsegmentcompleteddistance=\dimen293
\pgfdecoratedinputsegmentremainingdistance=\dimen294
\pgf@decorate@distancetomove=\dimen295
\pgf@decorate@repeatstate=\count324
\pgfdecorationsegmentamplitude=\dimen296
\pgfdecorationsegmentlength=\dimen297
)
\tikz@lib@dec@box=\box79
) (/usr/local/texlive/2020/texmf-dist/tex/generic/pgf/libraries/decorations/pgflibrarydecorations.pathmorphing.code.tex)) (/usr/local/texlive/2020/texmf-dist/tex/generic/pgf/frontendlayer/tikz/libraries/tikzlibrarytrees.code.tex
File: tikzlibrarytrees.code.tex 2020/01/08 v3.1.5b (3.1.5b)
)
\l__tikzsymbols_Moai_thickness_dim=\dimen298
) (/usr/local/texlive/2020/texmf-dist/tex/latex/base/ifthen.sty
Package: ifthen 2014/09/29 v1.1c Standard LaTeX ifthen package (DPC)
)
Package hyperref Info: Option `colorlinks' set `true' on input line 61.
\c@pageno=\count325
\c@nopages=\count326
 (/Users/metinsan/Documents/doktor/AST2000/interactive-notes/1B/interaktive_forelesningsnotater_1B_del1_av_2.aux)
\openout1 = `interaktive_forelesningsnotater_1B_del1_av_2.aux'.

LaTeX Font Info:    Checking defaults for OML/cmm/m/it on input line 266.
LaTeX Font Info:    ... okay on input line 266.
LaTeX Font Info:    Checking defaults for OMS/cmsy/m/n on input line 266.
LaTeX Font Info:    ... okay on input line 266.
LaTeX Font Info:    Checking defaults for OT1/cmr/m/n on input line 266.
LaTeX Font Info:    ... okay on input line 266.
LaTeX Font Info:    Checking defaults for T1/cmr/m/n on input line 266.
LaTeX Font Info:    ... okay on input line 266.
LaTeX Font Info:    Checking defaults for TS1/cmr/m/n on input line 266.
LaTeX Font Info:    ... okay on input line 266.
LaTeX Font Info:    Checking defaults for OMX/cmex/m/n on input line 266.
LaTeX Font Info:    ... okay on input line 266.
LaTeX Font Info:    Checking defaults for U/cmr/m/n on input line 266.
LaTeX Font Info:    ... okay on input line 266.
LaTeX Font Info:    Checking defaults for PD1/pdf/m/n on input line 266.
LaTeX Font Info:    ... okay on input line 266.

*geometry* driver: auto-detecting
*geometry* detected driver: pdftex
*geometry* verbose mode - [ preamble ] result:
* driver: pdftex
* paper: custom
* layout: <same size as paper>
* layoutoffset:(h,v)=(0.0pt,0.0pt)
* modes: includehead includefoot 
* h-part:(L,W,R)=(10.95003pt, 342.2953pt, 10.95003pt)
* v-part:(T,H,B)=(0.0pt, 273.14662pt, 0.0pt)
* \paperwidth=364.19536pt
* \paperheight=273.14662pt
* \textwidth=342.2953pt
* \textheight=244.6939pt
* \oddsidemargin=-61.31996pt
* \evensidemargin=-61.31996pt
* \topmargin=-72.26999pt
* \headheight=14.22636pt
* \headsep=0.0pt
* \topskip=11.0pt
* \footskip=14.22636pt
* \marginparwidth=4.0pt
* \marginparsep=10.0pt
* \columnsep=10.0pt
* \skip\footins=10.0pt plus 4.0pt minus 2.0pt
* \hoffset=0.0pt
* \voffset=0.0pt
* \mag=1000
* \@twocolumnfalse
* \@twosidefalse
* \@mparswitchfalse
* \@reversemarginfalse
* (1in=72.27pt=25.4mm, 1cm=28.453pt)

(/usr/local/texlive/2020/texmf-dist/tex/context/base/mkii/supp-pdf.mkii
[Loading MPS to PDF converter (version 2006.09.02).]
\scratchcounter=\count327
\scratchdimen=\dimen299
\scratchbox=\box80
\nofMPsegments=\count328
\nofMParguments=\count329
\everyMPshowfont=\toks46
\MPscratchCnt=\count330
\MPscratchDim=\dimen300
\MPnumerator=\count331
\makeMPintoPDFobject=\count332
\everyMPtoPDFconversion=\toks47
) (/usr/local/texlive/2020/texmf-dist/tex/latex/epstopdf-pkg/epstopdf-base.sty
Package: epstopdf-base 2020-01-24 v2.11 Base part for package epstopdf
Package epstopdf-base Info: Redefining graphics rule for `.eps' on input line 485.
 (/usr/local/texlive/2020/texmf-dist/tex/latex/latexconfig/epstopdf-sys.cfg
File: epstopdf-sys.cfg 2010/07/13 v1.3 Configuration of (r)epstopdf for TeX Live
)) ABD: EveryShipout initializing macros
\AtBeginShipoutBox=\box81
Package hyperref Info: Link coloring ON on input line 266.
 (/usr/local/texlive/2020/texmf-dist/tex/latex/hyperref/nameref.sty
Package: nameref 2019/09/16 v2.46 Cross-referencing by name of section
 (/usr/local/texlive/2020/texmf-dist/tex/latex/refcount/refcount.sty
Package: refcount 2019/12/15 v3.6 Data extraction from label references (HO)
) (/usr/local/texlive/2020/texmf-dist/tex/generic/gettitlestring/gettitlestring.sty
Package: gettitlestring 2019/12/15 v1.6 Cleanup title references (HO)
)
\c@section@level=\count333
)
LaTeX Info: Redefining \ref on input line 266.
LaTeX Info: Redefining \pageref on input line 266.
LaTeX Info: Redefining \nameref on input line 266.
\@outlinefile=\write5
\openout5 = `interaktive_forelesningsnotater_1B_del1_av_2.out'.

LaTeX Font Info:    Overwriting symbol font `operators' in version `normal'
(Font)                  OT1/cmr/m/n --> OT1/cmss/m/n on input line 266.
LaTeX Font Info:    Overwriting symbol font `operators' in version `bold'
(Font)                  OT1/cmr/bx/n --> OT1/cmss/b/n on input line 266.
\symnumbers=\mathgroup6
\sympureletters=\mathgroup7
LaTeX Font Info:    Overwriting math alphabet `\mathrm' in version `normal'
(Font)                  OT1/cmss/m/n --> OT1/cmr/m/n on input line 266.
LaTeX Font Info:    Redeclaring math alphabet \mathbf on input line 266.
LaTeX Font Info:    Overwriting math alphabet `\mathbf' in version `normal'
(Font)                  OT1/cmr/bx/n --> OT1/cmss/b/n on input line 266.
LaTeX Font Info:    Overwriting math alphabet `\mathbf' in version `bold'
(Font)                  OT1/cmr/bx/n --> OT1/cmss/b/n on input line 266.
LaTeX Font Info:    Redeclaring math alphabet \mathsf on input line 266.
LaTeX Font Info:    Overwriting math alphabet `\mathsf' in version `normal'
(Font)                  OT1/cmss/m/n --> OT1/cmss/m/n on input line 266.
LaTeX Font Info:    Overwriting math alphabet `\mathsf' in version `bold'
(Font)                  OT1/cmss/bx/n --> OT1/cmss/m/n on input line 266.
LaTeX Font Info:    Redeclaring math alphabet \mathit on input line 266.
LaTeX Font Info:    Overwriting math alphabet `\mathit' in version `normal'
(Font)                  OT1/cmr/m/it --> OT1/cmss/m/it on input line 266.
LaTeX Font Info:    Overwriting math alphabet `\mathit' in version `bold'
(Font)                  OT1/cmr/bx/it --> OT1/cmss/m/it on input line 266.
LaTeX Font Info:    Redeclaring math alphabet \mathtt on input line 266.
LaTeX Font Info:    Overwriting math alphabet `\mathtt' in version `normal'
(Font)                  OT1/cmtt/m/n --> OT1/cmtt/m/n on input line 266.
LaTeX Font Info:    Overwriting math alphabet `\mathtt' in version `bold'
(Font)                  OT1/cmtt/m/n --> OT1/cmtt/m/n on input line 266.
LaTeX Font Info:    Overwriting symbol font `numbers' in version `bold'
(Font)                  OT1/cmss/m/n --> OT1/cmss/b/n on input line 266.
LaTeX Font Info:    Overwriting symbol font `pureletters' in version `bold'
(Font)                  OT1/cmss/m/it --> OT1/cmss/b/it on input line 266.
LaTeX Font Info:    Overwriting math alphabet `\mathrm' in version `bold'
(Font)                  OT1/cmss/b/n --> OT1/cmr/b/n on input line 266.
LaTeX Font Info:    Overwriting math alphabet `\mathbf' in version `bold'
(Font)                  OT1/cmss/b/n --> OT1/cmss/b/n on input line 266.
LaTeX Font Info:    Overwriting math alphabet `\mathsf' in version `bold'
(Font)                  OT1/cmss/m/n --> OT1/cmss/b/n on input line 266.
LaTeX Font Info:    Overwriting math alphabet `\mathit' in version `bold'
(Font)                  OT1/cmss/m/it --> OT1/cmss/b/it on input line 266.
LaTeX Font Info:    Overwriting math alphabet `\mathtt' in version `bold'
(Font)                  OT1/cmtt/m/n --> OT1/cmtt/b/n on input line 266.
LaTeX Font Info:    Redeclaring symbol font `pureletters' on input line 266.
LaTeX Font Info:    Overwriting symbol font `pureletters' in version `normal'
(Font)                  OT1/cmss/m/it --> OT1/mathkerncmss/m/sl on input line 266.
LaTeX Font Info:    Overwriting symbol font `pureletters' in version `bold'
(Font)                  OT1/cmss/b/it --> OT1/mathkerncmss/m/sl on input line 266.
LaTeX Font Info:    Overwriting symbol font `pureletters' in version `bold'
(Font)                  OT1/mathkerncmss/m/sl --> OT1/mathkerncmss/bx/sl on input line 266.
 (/usr/local/texlive/2020/texmf-dist/tex/latex/translator/translator-basic-dictionary-English.dict
Dictionary: translator-basic-dictionary, Language: English 
) (/usr/local/texlive/2020/texmf-dist/tex/latex/translator/translator-bibliography-dictionary-English.dict
Dictionary: translator-bibliography-dictionary, Language: English 
) (/usr/local/texlive/2020/texmf-dist/tex/latex/translator/translator-environment-dictionary-English.dict
Dictionary: translator-environment-dictionary, Language: English 
) (/usr/local/texlive/2020/texmf-dist/tex/latex/translator/translator-months-dictionary-English.dict
Dictionary: translator-months-dictionary, Language: English 
) (/usr/local/texlive/2020/texmf-dist/tex/latex/translator/translator-numbers-dictionary-English.dict
Dictionary: translator-numbers-dictionary, Language: English 
) (/usr/local/texlive/2020/texmf-dist/tex/latex/translator/translator-theorem-dictionary-English.dict
Dictionary: translator-theorem-dictionary, Language: English 
)
No file interaktive_forelesningsnotater_1B_del1_av_2.nav.
\g__tikzsymbols_savebox_F_0 0 1 rg 0 0 1 RG_10.95_Changey_1_yellow_2_box=\box82
\g__tikzsymbols_savebox_F_0 0 1 rg 0 0 1 RG_10.95_Changey_1_yellow_-2_box=\box83
[1

{/usr/local/texlive/2020/texmf-var/fonts/map/pdftex/updmap/pdftex.map}] [2

]
LaTeX Font Info:    Trying to load font information for U+msa on input line 306.
 (/usr/local/texlive/2020/texmf-dist/tex/latex/amsfonts/umsa.fd
File: umsa.fd 2013/01/14 v3.01 AMS symbols A
)
LaTeX Font Info:    Trying to load font information for U+msb on input line 306.
 (/usr/local/texlive/2020/texmf-dist/tex/latex/amsfonts/umsb.fd
File: umsb.fd 2013/01/14 v3.01 AMS symbols B
)
LaTeX Font Info:    Trying to load font information for OT1+mathkerncmss on input line 306.
 (/usr/local/texlive/2020/texmf-dist/tex/latex/sansmathaccent/ot1mathkerncmss.fd
File: ot1mathkerncmss.fd 2020/01/31 Fontinst v1.933 font definitions for OT1/mathkerncmss.
) [3

]
<media/landing.png, id=69, 360.34625pt x 329.23pt>
File: media/landing.png Graphic file (type png)
<use media/landing.png>
Package pdftex.def Info: media/landing.png  used on input line 324.
(pdftex.def)             Requested size: 144.13594pt x 131.68965pt.

Overfull \vbox (3.07094pt too high) detected at line 324
 []

[4

 </Users/metinsan/Documents/doktor/AST2000/interactive-notes/1B/media/landing.png>]
Overfull \hbox (98.42868pt too wide) in paragraph at lines 342--342
[][][][][][][][][][][][][][][][][][][][][][][][][][][][][][][][]  
 []

File: media/landing.png Graphic file (type png)
<use media/landing.png>
Package pdftex.def Info: media/landing.png  used on input line 342.
(pdftex.def)             Requested size: 144.13594pt x 131.68965pt.

Overfull \vbox (2.10793pt too high) detected at line 342
 []

[5

]

LaTeX Warning: Reference `euler4' on page 6 undefined on input line 356.

[6

]
<media/car_move_1.png, id=106, 981.6675pt x 453.695pt>
File: media/car_move_1.png Graphic file (type png)
<use media/car_move_1.png>
Package pdftex.def Info: media/car_move_1.png  used on input line 369.
(pdftex.def)             Requested size: 196.33002pt x 90.73738pt.
 [7

 </Users/metinsan/Documents/doktor/AST2000/interactive-notes/1B/media/car_move_1.png>]
<media/car_move_2.png, id=119, 1074.0125pt x 451.6875pt>
File: media/car_move_2.png Graphic file (type png)
<use media/car_move_2.png>
Package pdftex.def Info: media/car_move_2.png  used on input line 380.
(pdftex.def)             Requested size: 214.79869pt x 90.33589pt.
 [8

 </Users/metinsan/Documents/doktor/AST2000/interactive-notes/1B/media/car_move_2.png>]
Overfull \hbox (117.73422pt too wide) in paragraph at lines 398--398
[][][][][][][][][][][][][][][][][][][][][][][][][][][][][][][][]  
 []

<media/spaceship_move_1.png, id=131, 576.1525pt x 553.06625pt>
File: media/spaceship_move_1.png Graphic file (type png)
<use media/spaceship_move_1.png>
Package pdftex.def Info: media/spaceship_move_1.png  used on input line 398.
(pdftex.def)             Requested size: 172.84708pt x 165.92114pt.

Overfull \hbox (1.69943pt too wide) in paragraph at lines 398--398
[]  
 []


Overfull \hbox (10.88019pt too wide) in paragraph at lines 398--398
[][][][][][][][][]  
 []

[9

 </Users/metinsan/Documents/doktor/AST2000/interactive-notes/1B/media/spaceship_move_1.png>]
Overfull \hbox (117.73422pt too wide) in paragraph at lines 416--416
[][][][][][][][][][][][][][][][][][][][][][][][][][][][][][][][]  
 []

<media/spaceship_move_2.png, id=146, 576.1525pt x 552.0625pt>
File: media/spaceship_move_2.png Graphic file (type png)
<use media/spaceship_move_2.png>
Package pdftex.def Info: media/spaceship_move_2.png  used on input line 416.
(pdftex.def)             Requested size: 172.84708pt x 165.62003pt.

Overfull \hbox (1.69943pt too wide) in paragraph at lines 416--416
[]  
 []

[10

 </Users/metinsan/Documents/doktor/AST2000/interactive-notes/1B/media/spaceship_move_2.png>]
Overfull \hbox (117.73422pt too wide) in paragraph at lines 443--443
[][][][][][][][][][][][][][][][][][][][][][][][][][][][][][][][]  
 []

File: media/spaceship_move_2.png Graphic file (type png)
<use media/spaceship_move_2.png>
Package pdftex.def Info: media/spaceship_move_2.png  used on input line 443.
(pdftex.def)             Requested size: 115.22845pt x 110.41054pt.
[11

] [12

] [13

]

LaTeX Warning: Reference `hastighet1' on page 14 undefined on input line 486.

[14

]
Overfull \hbox (57.08672pt too wide) in paragraph at lines 498--498
[][][][][][][][][][][][][][][][][][][][][][][][][][][][][][][][]  
 []

[15

]
Overfull \hbox (57.08672pt too wide) in paragraph at lines 507--507
[][][][][][][][][][][][][][][][][][][][][][][][][][][][][][][][]  
 []

[16

]
Overfull \hbox (57.08672pt too wide) in paragraph at lines 519--519
[][][][][][][][][][][][][][][][][][][][][][][][][][][][][][][][]  
 []

[17

]
Overfull \hbox (12.97069pt too wide) in paragraph at lines 541--541
[]| [][][][][]  
 []

<media/unity_vectors.png, id=228, 591.20876pt x 478.78876pt>
File: media/unity_vectors.png Graphic file (type png)
<use media/unity_vectors.png>
Package pdftex.def Info: media/unity_vectors.png  used on input line 541.
(pdftex.def)             Requested size: 177.36398pt x 143.63773pt.

Overfull \hbox (6.21634pt too wide) in paragraph at lines 541--541
[][]  
 []


Overfull \vbox (4.50179pt too high) detected at line 541
 []

[18

 </Users/metinsan/Documents/doktor/AST2000/interactive-notes/1B/media/unity_vectors.png>]
Overfull \hbox (62.08672pt too wide) in paragraph at lines 549--549
[][][][][][][][][][][][][][][][][][][][][][][][][][][][][][][][]  
 []

[19

]
Overfull \hbox (233.23438pt too wide) in paragraph at lines 572--572
[][][][][][][][][][][][][][][][][][][][][][][][][][][][][][][][]  
 []

File: media/unity_vectors.png Graphic file (type png)
<use media/unity_vectors.png>
Package pdftex.def Info: media/unity_vectors.png  used on input line 572.
(pdftex.def)             Requested size: 153.71065pt x 124.48213pt.
[20

]
Overfull \hbox (62.08672pt too wide) in paragraph at lines 585--585
[][][][][][][][][][][][][][][][][][][][][][][][][][][][][][][][]  
 []

[21

]
Overfull \hbox (62.08672pt too wide) in paragraph at lines 597--597
[][][][][][][][][][][][][][][][][][][][][][][][][][][][][][][][]  
 []

[22

]
Overfull \hbox (62.08672pt too wide) in paragraph at lines 610--610
[][][][][][][][][][][][][][][][][][][][][][][][][][][][][][][][]  
 []

File: media/unity_vectors.png Graphic file (type png)
<use media/unity_vectors.png>
Package pdftex.def Info: media/unity_vectors.png  used on input line 610.
(pdftex.def)             Requested size: 165.53732pt x 134.05994pt.
[23

]
Overfull \hbox (62.08672pt too wide) in paragraph at lines 625--625
[][][][][][][][][][][][][][][][][][][][][][][][][][][][][][][][]  
 []

[24

]
Overfull \hbox (62.08672pt too wide) in paragraph at lines 638--638
[][][][][][][][][][][][][][][][][][][][][][][][][][][][][][][][]  
 []

File: media/unity_vectors.png Graphic file (type png)
<use media/unity_vectors.png>
Package pdftex.def Info: media/unity_vectors.png  used on input line 638.
(pdftex.def)             Requested size: 153.71065pt x 124.48213pt.
[25

]

LaTeX Warning: Reference `hastighet4' on page 26 undefined on input line 651.

[26

]
Overfull \hbox (58.14229pt too wide) in paragraph at lines 667--667
[][][][][][][][][][][][][][][][][][][][][][][][][][][][][][][][]  
 []

[27

]
Overfull \hbox (58.14229pt too wide) in paragraph at lines 677--677
[][][][][][][][][][][][][][][][][][][][][][][][][][][][][][][][]  
 []

[28

]
Overfull \hbox (58.14229pt too wide) in paragraph at lines 706--706
[][][][][][][][][][][][][][][][][][][][][][][][][][][][][][][][]  
 []

[29

]
Overfull \hbox (58.14229pt too wide) in paragraph at lines 734--734
[][][][][][][][][][][][][][][][][][][][][][][][][][][][][][][][]  
 []

[30

]
Overfull \hbox (58.14229pt too wide) in paragraph at lines 750--750
[][][][][][][][][][][][][][][][][][][][][][][][][][][][][][][][]  
 []

[31

]
Overfull \hbox (58.14229pt too wide) in paragraph at lines 768--768
[][][][][][][][][][][][][][][][][][][][][][][][][][][][][][][][]  
 []

<media/unity_vector_decomp.png, id=383, 219.82124pt x 197.73875pt>
File: media/unity_vector_decomp.png Graphic file (type png)
<use media/unity_vector_decomp.png>
Package pdftex.def Info: media/unity_vector_decomp.png  used on input line 768.
(pdftex.def)             Requested size: 109.91034pt x 98.86913pt.
[32

 </Users/metinsan/Documents/doktor/AST2000/interactive-notes/1B/media/unity_vector_decomp.png>]
Overfull \hbox (58.14229pt too wide) in paragraph at lines 785--785
[][][][][][][][][][][][][][][][][][][][][][][][][][][][][][][][]  
 []

File: media/unity_vector_decomp.png Graphic file (type png)
<use media/unity_vector_decomp.png>
Package pdftex.def Info: media/unity_vector_decomp.png  used on input line 785.
(pdftex.def)             Requested size: 109.91034pt x 98.86913pt.
[33

]
Overfull \hbox (58.14229pt too wide) in paragraph at lines 796--796
[][][][][][][][][][][][][][][][][][][][][][][][][][][][][][][][]  
 []

[34

]
Overfull \hbox (58.14229pt too wide) in paragraph at lines 815--815
[][][][][][][][][][][][][][][][][][][][][][][][][][][][][][][][]  
 []

[35

]
Overfull \hbox (58.14229pt too wide) in paragraph at lines 831--831
[][][][][][][][][][][][][][][][][][][][][][][][][][][][][][][][]  
 []

[36

]
Overfull \hbox (58.14229pt too wide) in paragraph at lines 855--855
[][][][][][][][][][][][][][][][][][][][][][][][][][][][][][][][]  
 []

[37

]
<media/drink-coffee.png, id=455, 16.8383pt x 11.61842pt>
File: media/drink-coffee.png Graphic file (type png)
<use media/drink-coffee.png>
Package pdftex.def Info: media/drink-coffee.png  used on input line 874.
(pdftex.def)             Requested size: 67.35297pt x 46.47351pt.
 [38

 </Users/metinsan/Documents/doktor/AST2000/interactive-notes/1B/media/drink-coffee.png>]

LaTeX Warning: Reference `kepler' on page 39 undefined on input line 887.

[39

]
Overfull \hbox (36.08214pt too wide) in paragraph at lines 900--900
[][][][][][][][][][][][][][][][][][][][][][][][][][][][][][][][]  
 []

[40

]
Overfull \hbox (36.08214pt too wide) in paragraph at lines 909--909
[][][][][][][][][][][][][][][][][][][][][][][][][][][][][][][][]  
 []

<media/tangential_vel.png, id=486, 309.155pt x 258.9675pt>
File: media/tangential_vel.png Graphic file (type png)
<use media/tangential_vel.png>
Package pdftex.def Info: media/tangential_vel.png  used on input line 909.
(pdftex.def)             Requested size: 154.57712pt x 129.48341pt.
[41

 </Users/metinsan/Documents/doktor/AST2000/interactive-notes/1B/media/tangential_vel.png>]
Overfull \hbox (69.14229pt too wide) in paragraph at lines 923--923
[][][][][][][][][][][][][][][][][][][][][][][][][][][][][][][][]  
 []

[42

]

LaTeX Warning: Reference `red_kepler5b' on page 43 undefined on input line 935.

[43

] [44

] [45

] [46

] [47

]
Overfull \hbox (197.92891pt too wide) in paragraph at lines 1017--1017
[]|  \OT1/cmss/m/n/10.95 Neste 
 []

[48

]
<media/ellipse.png, id=571, 729.72626pt x 325.215pt>
File: media/ellipse.png Graphic file (type png)
<use media/ellipse.png>
Package pdftex.def Info: media/ellipse.png  used on input line 1031.
(pdftex.def)             Requested size: 291.88533pt x 130.0837pt.
 [49

 </Users/metinsan/Documents/doktor/AST2000/interactive-notes/1B/media/ellipse.png>]
File: media/ellipse.png Graphic file (type png)
<use media/ellipse.png>
Package pdftex.def Info: media/ellipse.png  used on input line 1045.
(pdftex.def)             Requested size: 291.88533pt x 130.0837pt.
 [50

]
File: media/ellipse.png Graphic file (type png)
<use media/ellipse.png>
Package pdftex.def Info: media/ellipse.png  used on input line 1061.
(pdftex.def)             Requested size: 291.88533pt x 130.0837pt.
 [51

]
File: media/ellipse.png Graphic file (type png)
<use media/ellipse.png>
Package pdftex.def Info: media/ellipse.png  used on input line 1070.
(pdftex.def)             Requested size: 291.88533pt x 130.0837pt.
 [52

]
File: media/ellipse.png Graphic file (type png)
<use media/ellipse.png>
Package pdftex.def Info: media/ellipse.png  used on input line 1085.
(pdftex.def)             Requested size: 218.91957pt x 97.56525pt.
 [53

]
File: media/drink-coffee.png Graphic file (type png)
<use media/drink-coffee.png>
Package pdftex.def Info: media/drink-coffee.png  used on input line 1104.
(pdftex.def)             Requested size: 67.35297pt x 46.47351pt.
 [54

]
Overfull \hbox (2.69771pt too wide) in paragraph at lines 1133--1133
[][][][][][][][][][][][][][][][][][][][][][][][][][][][][][][][]  
 []

[55

]
Overfull \hbox (2.69771pt too wide) in paragraph at lines 1156--1156
[][][][][][][][][][][][][][][][][][][][][][][][][][][][][][][][]  
 []

[56

] [57

]
<media/forces.png, id=662, 379.4175pt x 204.765pt>
File: media/forces.png Graphic file (type png)
<use media/forces.png>
Package pdftex.def Info: media/forces.png  used on input line 1183.
(pdftex.def)             Requested size: 151.7643pt x 81.90454pt.
 [58

 </Users/metinsan/Documents/doktor/AST2000/interactive-notes/1B/media/forces.png>]
File: media/forces.png Graphic file (type png)
<use media/forces.png>
Package pdftex.def Info: media/forces.png  used on input line 1198.
(pdftex.def)             Requested size: 151.7643pt x 81.90454pt.
 [59

]
<media/unityvectors_on_m1m2.png, id=685, 287.0725pt x 273.02pt>
File: media/unityvectors_on_m1m2.png Graphic file (type png)
<use media/unityvectors_on_m1m2.png>
Package pdftex.def Info: media/unityvectors_on_m1m2.png  used on input line 1220.
(pdftex.def)             Requested size: 106.21515pt x 101.01581pt.

Overfull \vbox (0.13007pt too high) detected at line 1220
 []

[60

 </Users/metinsan/Documents/doktor/AST2000/interactive-notes/1B/media/unityvectors_on_m1m2.png>]
/Users/metinsan/Documents/doktor/AST2000/interactive-notes/1B/interaktive_forelesningsnotater_1B_del1_av_2.tex:1239: Argument of \@textcolor has an extra }.
<inserted text> 
                \par 
l.1239 \end{frame}
                  
I've run across a `}' that doesn't seem to match anything.
For example, `\def\a#1{...}' and `\a}' would produce
this error. If you simply proceed now, the `\par' that
I've just inserted will cause me to report a runaway
argument that might be the root of the problem. But if
your `}' was spurious, just type `2' and it will go away.

Runaway argument?
/Users/metinsan/Documents/doktor/AST2000/interactive-notes/1B/interaktive_forelesningsnotater_1B_del1_av_2.tex:1239: Paragraph ended before \@textcolor was complete.
<to be read again> 
                   \par 
l.1239 \end{frame}
                  
I suspect you've forgotten a `}', causing me to apply this
control sequence to too much text. How can we recover?
My plan is to forget the whole thing and hope for the best.

/Users/metinsan/Documents/doktor/AST2000/interactive-notes/1B/interaktive_forelesningsnotater_1B_del1_av_2.tex:1239: Extra }, or forgotten \endgroup.
<recently read> }
                 
l.1239 \end{frame}
                  
I've deleted a group-closing symbol because it seems to be
spurious, as in `$x}$'. But perhaps the } is legitimate and
you forgot something else, as in `\hbox{$x}'. In such cases
the way to recover is to insert both the forgotten and the
deleted material, e.g., by typing `I$}'.

/Users/metinsan/Documents/doktor/AST2000/interactive-notes/1B/interaktive_forelesningsnotater_1B_del1_av_2.tex:1239: Extra }, or forgotten \endgroup.
<recently read> \egroup 
                        
l.1239 \end{frame}
                  
I've deleted a group-closing symbol because it seems to be
spurious, as in `$x}$'. But perhaps the } is legitimate and
you forgot something else, as in `\hbox{$x}'. In such cases
the way to recover is to insert both the forgotten and the
deleted material, e.g., by typing `I$}'.


/Users/metinsan/Documents/doktor/AST2000/interactive-notes/1B/interaktive_forelesningsnotater_1B_del1_av_2.tex:1239: LaTeX Error: \begin{minipage} on input line 1239 ended by \end{beamerboxesrounded}.

See the LaTeX manual or LaTeX Companion for explanation.
Type  H <return>  for immediate help.
 ...                                              
                                                  
l.1239 \end{frame}
                  
Your command was ignored.
Type  I <command> <return>  to replace it with another command,
or  <return>  to continue without it.


/Users/metinsan/Documents/doktor/AST2000/interactive-notes/1B/interaktive_forelesningsnotater_1B_del1_av_2.tex:1239: LaTeX Error: \begin{minipage} on input line 1239 ended by \end{altenv}.

See the LaTeX manual or LaTeX Companion for explanation.
Type  H <return>  for immediate help.
 ...                                              
                                                  
l.1239 \end{frame}
                  
Your command was ignored.
Type  I <command> <return>  to replace it with another command,
or  <return>  to continue without it.

/Users/metinsan/Documents/doktor/AST2000/interactive-notes/1B/interaktive_forelesningsnotater_1B_del1_av_2.tex:1239: Missing } inserted.
<inserted text> 
                }
l.1239 \end{frame}
                  
I've inserted something that you may have forgotten.
(See the <inserted text> above.)
With luck, this will get me unwedged. But if you
really didn't forget anything, try typing `2' now; then
my insertion and my current dilemma will both disappear.


/Users/metinsan/Documents/doktor/AST2000/interactive-notes/1B/interaktive_forelesningsnotater_1B_del1_av_2.tex:1239: LaTeX Error: \begin{beamerboxesrounded} on input line 1239 ended by \end{uncoverenv}.

See the LaTeX manual or LaTeX Companion for explanation.
Type  H <return>  for immediate help.
 ...                                              
                                                  
l.1239 \end{frame}
                  
Your command was ignored.
Type  I <command> <return>  to replace it with another command,
or  <return>  to continue without it.

/Users/metinsan/Documents/doktor/AST2000/interactive-notes/1B/interaktive_forelesningsnotater_1B_del1_av_2.tex:1239: Missing } inserted.
<inserted text> 
                }
l.1239 \end{frame}
                  
I've inserted something that you may have forgotten.
(See the <inserted text> above.)
With luck, this will get me unwedged. But if you
really didn't forget anything, try typing `2' now; then
my insertion and my current dilemma will both disappear.

/Users/metinsan/Documents/doktor/AST2000/interactive-notes/1B/interaktive_forelesningsnotater_1B_del1_av_2.tex:1239: Missing } inserted.
<inserted text> 
                }
l.1239 \end{frame}
                  
I've inserted something that you may have forgotten.
(See the <inserted text> above.)
With luck, this will get me unwedged. But if you
really didn't forget anything, try typing `2' now; then
my insertion and my current dilemma will both disappear.


/Users/metinsan/Documents/doktor/AST2000/interactive-notes/1B/interaktive_forelesningsnotater_1B_del1_av_2.tex:1239: LaTeX Error: \begin{altenv} on input line 1239 ended by \end{actionenv}.

See the LaTeX manual or LaTeX Companion for explanation.
Type  H <return>  for immediate help.
 ...                                              
                                                  
l.1239 \end{frame}
                  
Your command was ignored.
Type  I <command> <return>  to replace it with another command,
or  <return>  to continue without it.


/Users/metinsan/Documents/doktor/AST2000/interactive-notes/1B/interaktive_forelesningsnotater_1B_del1_av_2.tex:1239: LaTeX Error: \begin{uncoverenv} on input line 1239 ended by \end{block}.

See the LaTeX manual or LaTeX Companion for explanation.
Type  H <return>  for immediate help.
 ...                                              
                                                  
l.1239 \end{frame}
                  
Your command was ignored.
Type  I <command> <return>  to replace it with another command,
or  <return>  to continue without it.


/Users/metinsan/Documents/doktor/AST2000/interactive-notes/1B/interaktive_forelesningsnotater_1B_del1_av_2.tex:1239: LaTeX Error: \begin{actionenv} on input line 1239 ended by \end{beamer@framepauses}.

See the LaTeX manual or LaTeX Companion for explanation.
Type  H <return>  for immediate help.
 ...                                              
                                                  
l.1239 \end{frame}
                  
Your command was ignored.
Type  I <command> <return>  to replace it with another command,
or  <return>  to continue without it.

/Users/metinsan/Documents/doktor/AST2000/interactive-notes/1B/interaktive_forelesningsnotater_1B_del1_av_2.tex:1239: Extra }, or forgotten \endgroup.
\endbeamer@frameslide ...amer@framepauses}\egroup 
                                                  \ifx \beamer@frametitle \@...
l.1239 \end{frame}
                  
I've deleted a group-closing symbol because it seems to be
spurious, as in `$x}$'. But perhaps the } is legitimate and
you forgot something else, as in `\hbox{$x}'. In such cases
the way to recover is to insert both the forgotten and the
deleted material, e.g., by typing `I$}'.


/Users/metinsan/Documents/doktor/AST2000/interactive-notes/1B/interaktive_forelesningsnotater_1B_del1_av_2.tex:1239: LaTeX Error: \begin{block} on input line 1239 ended by \end{beamer@frameslide}.

See the LaTeX manual or LaTeX Companion for explanation.
Type  H <return>  for immediate help.
 ...                                              
                                                  
l.1239 \end{frame}
                  
Your command was ignored.
Type  I <command> <return>  to replace it with another command,
or  <return>  to continue without it.

/Users/metinsan/Documents/doktor/AST2000/interactive-notes/1B/interaktive_forelesningsnotater_1B_del1_av_2.tex:1242: Missing number, treated as zero.
<to be read again> 
                   }
l.1242 \label
             {kepler9}
A number should have been here; I inserted `0'.
(If you can't figure out why I needed to see a number,
look up `weird error' in the index to The TeXbook.)

/Users/metinsan/Documents/doktor/AST2000/interactive-notes/1B/interaktive_forelesningsnotater_1B_del1_av_2.tex:1242: Illegal unit of measure (pt inserted).
<to be read again> 
                   }
l.1242 \label
             {kepler9}
Dimensions can be in units of em, ex, in, pt, pc,
cm, mm, dd, cc, nd, nc, bp, or sp; but yours is a new one!
I'll assume that you meant to say pt, for printer's points.
To recover gracefully from this error, it's best to
delete the erroneous units; e.g., type `2' to delete
two letters. (See Chapter 27 of The TeXbook.)

/Users/metinsan/Documents/doktor/AST2000/interactive-notes/1B/interaktive_forelesningsnotater_1B_del1_av_2.tex:1252: Extra }, or forgotten \endgroup.
\endframe ->\egroup 
                    \begingroup \def \@currenvir {frame}
l.1252 \end{frame}
                  
I've deleted a group-closing symbol because it seems to be
spurious, as in `$x}$'. But perhaps the } is legitimate and
you forgot something else, as in `\hbox{$x}'. In such cases
the way to recover is to insert both the forgotten and the
deleted material, e.g., by typing `I$}'.

/Users/metinsan/Documents/doktor/AST2000/interactive-notes/1B/interaktive_forelesningsnotater_1B_del1_av_2.tex:1255: Missing number, treated as zero.
<to be read again> 
                   }
l.1255 \label
             {kepler10}
A number should have been here; I inserted `0'.
(If you can't figure out why I needed to see a number,
look up `weird error' in the index to The TeXbook.)

/Users/metinsan/Documents/doktor/AST2000/interactive-notes/1B/interaktive_forelesningsnotater_1B_del1_av_2.tex:1255: Illegal unit of measure (pt inserted).
<to be read again> 
                   }
l.1255 \label
             {kepler10}
Dimensions can be in units of em, ex, in, pt, pc,
cm, mm, dd, cc, nd, nc, bp, or sp; but yours is a new one!
I'll assume that you meant to say pt, for printer's points.
To recover gracefully from this error, it's best to
delete the erroneous units; e.g., type `2' to delete
two letters. (See Chapter 27 of The TeXbook.)

/Users/metinsan/Documents/doktor/AST2000/interactive-notes/1B/interaktive_forelesningsnotater_1B_del1_av_2.tex:1272: Extra }, or forgotten \endgroup.
\endframe ->\egroup 
                    \begingroup \def \@currenvir {frame}
l.1272 \end{frame}
                  
I've deleted a group-closing symbol because it seems to be
spurious, as in `$x}$'. But perhaps the } is legitimate and
you forgot something else, as in `\hbox{$x}'. In such cases
the way to recover is to insert both the forgotten and the
deleted material, e.g., by typing `I$}'.

/Users/metinsan/Documents/doktor/AST2000/interactive-notes/1B/interaktive_forelesningsnotater_1B_del1_av_2.tex:1275: Missing number, treated as zero.
<to be read again> 
                   }
l.1275 \label
             {kepler11}
A number should have been here; I inserted `0'.
(If you can't figure out why I needed to see a number,
look up `weird error' in the index to The TeXbook.)

/Users/metinsan/Documents/doktor/AST2000/interactive-notes/1B/interaktive_forelesningsnotater_1B_del1_av_2.tex:1275: Illegal unit of measure (pt inserted).
<to be read again> 
                   }
l.1275 \label
             {kepler11}
Dimensions can be in units of em, ex, in, pt, pc,
cm, mm, dd, cc, nd, nc, bp, or sp; but yours is a new one!
I'll assume that you meant to say pt, for printer's points.
To recover gracefully from this error, it's best to
delete the erroneous units; e.g., type `2' to delete
two letters. (See Chapter 27 of The TeXbook.)

<media/harmosc.png, id=717, 160.6pt x 276.03125pt>
File: media/harmosc.png Graphic file (type png)
<use media/harmosc.png>
Package pdftex.def Info: media/harmosc.png  used on input line 1281.
(pdftex.def)             Requested size: 64.23885pt x 110.41054pt.
/Users/metinsan/Documents/doktor/AST2000/interactive-notes/1B/interaktive_forelesningsnotater_1B_del1_av_2.tex:1299: Extra }, or forgotten \endgroup.
\endframe ->\egroup 
                    \begingroup \def \@currenvir {frame}
l.1299 \end{frame}
                  
I've deleted a group-closing symbol because it seems to be
spurious, as in `$x}$'. But perhaps the } is legitimate and
you forgot something else, as in `\hbox{$x}'. In such cases
the way to recover is to insert both the forgotten and the
deleted material, e.g., by typing `I$}'.

/Users/metinsan/Documents/doktor/AST2000/interactive-notes/1B/interaktive_forelesningsnotater_1B_del1_av_2.tex:1303: Missing number, treated as zero.
<to be read again> 
                   }
l.1303 \label
             {kepler12}
A number should have been here; I inserted `0'.
(If you can't figure out why I needed to see a number,
look up `weird error' in the index to The TeXbook.)

/Users/metinsan/Documents/doktor/AST2000/interactive-notes/1B/interaktive_forelesningsnotater_1B_del1_av_2.tex:1303: Illegal unit of measure (pt inserted).
<to be read again> 
                   }
l.1303 \label
             {kepler12}
Dimensions can be in units of em, ex, in, pt, pc,
cm, mm, dd, cc, nd, nc, bp, or sp; but yours is a new one!
I'll assume that you meant to say pt, for printer's points.
To recover gracefully from this error, it's best to
delete the erroneous units; e.g., type `2' to delete
two letters. (See Chapter 27 of The TeXbook.)

/Users/metinsan/Documents/doktor/AST2000/interactive-notes/1B/interaktive_forelesningsnotater_1B_del1_av_2.tex:1312: Extra }, or forgotten \endgroup.
\endframe ->\egroup 
                    \begingroup \def \@currenvir {frame}
l.1312 \end{frame}
                  
I've deleted a group-closing symbol because it seems to be
spurious, as in `$x}$'. But perhaps the } is legitimate and
you forgot something else, as in `\hbox{$x}'. In such cases
the way to recover is to insert both the forgotten and the
deleted material, e.g., by typing `I$}'.

/Users/metinsan/Documents/doktor/AST2000/interactive-notes/1B/interaktive_forelesningsnotater_1B_del1_av_2.tex:1315: Missing number, treated as zero.
<to be read again> 
                   }
l.1315 \label
             {kepler13}
A number should have been here; I inserted `0'.
(If you can't figure out why I needed to see a number,
look up `weird error' in the index to The TeXbook.)

/Users/metinsan/Documents/doktor/AST2000/interactive-notes/1B/interaktive_forelesningsnotater_1B_del1_av_2.tex:1315: Illegal unit of measure (pt inserted).
<to be read again> 
                   }
l.1315 \label
             {kepler13}
Dimensions can be in units of em, ex, in, pt, pc,
cm, mm, dd, cc, nd, nc, bp, or sp; but yours is a new one!
I'll assume that you meant to say pt, for printer's points.
To recover gracefully from this error, it's best to
delete the erroneous units; e.g., type `2' to delete
two letters. (See Chapter 27 of The TeXbook.)

/Users/metinsan/Documents/doktor/AST2000/interactive-notes/1B/interaktive_forelesningsnotater_1B_del1_av_2.tex:1325: Extra }, or forgotten \endgroup.
\endframe ->\egroup 
                    \begingroup \def \@currenvir {frame}
l.1325 \end{frame}
                  
I've deleted a group-closing symbol because it seems to be
spurious, as in `$x}$'. But perhaps the } is legitimate and
you forgot something else, as in `\hbox{$x}'. In such cases
the way to recover is to insert both the forgotten and the
deleted material, e.g., by typing `I$}'.

/Users/metinsan/Documents/doktor/AST2000/interactive-notes/1B/interaktive_forelesningsnotater_1B_del1_av_2.tex:1331: Missing number, treated as zero.
<to be read again> 
                   }
l.1331 \label
             {red_kepler14}
A number should have been here; I inserted `0'.
(If you can't figure out why I needed to see a number,
look up `weird error' in the index to The TeXbook.)

/Users/metinsan/Documents/doktor/AST2000/interactive-notes/1B/interaktive_forelesningsnotater_1B_del1_av_2.tex:1331: Illegal unit of measure (pt inserted).
<to be read again> 
                   }
l.1331 \label
             {red_kepler14}
Dimensions can be in units of em, ex, in, pt, pc,
cm, mm, dd, cc, nd, nc, bp, or sp; but yours is a new one!
I'll assume that you meant to say pt, for printer's points.
To recover gracefully from this error, it's best to
delete the erroneous units; e.g., type `2' to delete
two letters. (See Chapter 27 of The TeXbook.)

/Users/metinsan/Documents/doktor/AST2000/interactive-notes/1B/interaktive_forelesningsnotater_1B_del1_av_2.tex:1331: Missing $ inserted.
<inserted text> 
                $
l.1331 \label{red_
                  kepler14}
I've inserted a begin-math/end-math symbol since I think
you left one out. Proceed, with fingers crossed.

/Users/metinsan/Documents/doktor/AST2000/interactive-notes/1B/interaktive_forelesningsnotater_1B_del1_av_2.tex:1331: Extra }, or forgotten $.
l.1331 \label{red_kepler14}
                           
I've deleted a group-closing symbol because it seems to be
spurious, as in `$x}$'. But perhaps the } is legitimate and
you forgot something else, as in `\hbox{$x}'. In such cases
the way to recover is to insert both the forgotten and the
deleted material, e.g., by typing `I$}'.


LaTeX Font Warning: Command \tiny invalid in math mode on input line 1332.


LaTeX Font Warning: Command \tiny invalid in math mode on input line 1332.


LaTeX Font Warning: Command \tiny invalid in math mode on input line 1332.


/Users/metinsan/Documents/doktor/AST2000/interactive-notes/1B/interaktive_forelesningsnotater_1B_del1_av_2.tex:1332: LaTeX Error: There's no line here to end.

See the LaTeX manual or LaTeX Companion for explanation.
Type  H <return>  for immediate help.
 ...                                              
                                                  
l.1332 \lastpagebutton{kepler13}
                                
Your command was ignored.
Type  I <command> <return>  to replace it with another command,
or  <return>  to continue without it.

/Users/metinsan/Documents/doktor/AST2000/interactive-notes/1B/interaktive_forelesningsnotater_1B_del1_av_2.tex:1332: Missing $ inserted.
<inserted text> 
                $
l.1332 \lastpagebutton{kepler13}
                                
I've inserted a begin-math/end-math symbol since I think
you left one out. Proceed, with fingers crossed.


Overfull \hbox (58.90709pt too wide) in paragraph at lines 1331--1332
[][]\OT1/cmss/m/n/10.95 red$[]\OT1/mathkerncmss/m/sl/10.95 epler\OT1/cmss/m/n/10.95 14[][][][][][][][][]$  
 []

/Users/metinsan/Documents/doktor/AST2000/interactive-notes/1B/interaktive_forelesningsnotater_1B_del1_av_2.tex:1342: Extra }, or forgotten \endgroup.
l.1342 }
        
I've deleted a group-closing symbol because it seems to be
spurious, as in `$x}$'. But perhaps the } is legitimate and
you forgot something else, as in `\hbox{$x}'. In such cases
the way to recover is to insert both the forgotten and the
deleted material, e.g., by typing `I$}'.

/Users/metinsan/Documents/doktor/AST2000/interactive-notes/1B/interaktive_forelesningsnotater_1B_del1_av_2.tex:1345: Missing number, treated as zero.
<to be read again> 
                   }
l.1345 \label
             {kepler15}
A number should have been here; I inserted `0'.
(If you can't figure out why I needed to see a number,
look up `weird error' in the index to The TeXbook.)

/Users/metinsan/Documents/doktor/AST2000/interactive-notes/1B/interaktive_forelesningsnotater_1B_del1_av_2.tex:1345: Illegal unit of measure (pt inserted).
<to be read again> 
                   }
l.1345 \label
             {kepler15}
Dimensions can be in units of em, ex, in, pt, pc,
cm, mm, dd, cc, nd, nc, bp, or sp; but yours is a new one!
I'll assume that you meant to say pt, for printer's points.
To recover gracefully from this error, it's best to
delete the erroneous units; e.g., type `2' to delete
two letters. (See Chapter 27 of The TeXbook.)

/Users/metinsan/Documents/doktor/AST2000/interactive-notes/1B/interaktive_forelesningsnotater_1B_del1_av_2.tex:1361: Extra }, or forgotten \endgroup.
\endframe ->\egroup 
                    \begingroup \def \@currenvir {frame}
l.1361 \end{frame}
                  
I've deleted a group-closing symbol because it seems to be
spurious, as in `$x}$'. But perhaps the } is legitimate and
you forgot something else, as in `\hbox{$x}'. In such cases
the way to recover is to insert both the forgotten and the
deleted material, e.g., by typing `I$}'.

/Users/metinsan/Documents/doktor/AST2000/interactive-notes/1B/interaktive_forelesningsnotater_1B_del1_av_2.tex:1364: Missing number, treated as zero.
<to be read again> 
                   }
l.1364 \label
             {kepler15_2}
A number should have been here; I inserted `0'.
(If you can't figure out why I needed to see a number,
look up `weird error' in the index to The TeXbook.)

/Users/metinsan/Documents/doktor/AST2000/interactive-notes/1B/interaktive_forelesningsnotater_1B_del1_av_2.tex:1364: Illegal unit of measure (pt inserted).
<to be read again> 
                   }
l.1364 \label
             {kepler15_2}
Dimensions can be in units of em, ex, in, pt, pc,
cm, mm, dd, cc, nd, nc, bp, or sp; but yours is a new one!
I'll assume that you meant to say pt, for printer's points.
To recover gracefully from this error, it's best to
delete the erroneous units; e.g., type `2' to delete
two letters. (See Chapter 27 of The TeXbook.)

/Users/metinsan/Documents/doktor/AST2000/interactive-notes/1B/interaktive_forelesningsnotater_1B_del1_av_2.tex:1364: Missing $ inserted.
<inserted text> 
                $
l.1364 \label{kepler15_
                       2}
I've inserted a begin-math/end-math symbol since I think
you left one out. Proceed, with fingers crossed.

/Users/metinsan/Documents/doktor/AST2000/interactive-notes/1B/interaktive_forelesningsnotater_1B_del1_av_2.tex:1364: Extra }, or forgotten $.
l.1364 \label{kepler15_2}
                         
I've deleted a group-closing symbol because it seems to be
spurious, as in `$x}$'. But perhaps the } is legitimate and
you forgot something else, as in `\hbox{$x}'. In such cases
the way to recover is to insert both the forgotten and the
deleted material, e.g., by typing `I$}'.


LaTeX Font Warning: Command \tiny invalid in math mode on input line 1365.


LaTeX Font Warning: Command \tiny invalid in math mode on input line 1365.


LaTeX Font Warning: Command \tiny invalid in math mode on input line 1365.


/Users/metinsan/Documents/doktor/AST2000/interactive-notes/1B/interaktive_forelesningsnotater_1B_del1_av_2.tex:1365: LaTeX Error: There's no line here to end.

See the LaTeX manual or LaTeX Companion for explanation.
Type  H <return>  for immediate help.
 ...                                              
                                                  
l.1365 \lastpagebutton{kepler15}
                                
Your command was ignored.
Type  I <command> <return>  to replace it with another command,
or  <return>  to continue without it.

/Users/metinsan/Documents/doktor/AST2000/interactive-notes/1B/interaktive_forelesningsnotater_1B_del1_av_2.tex:1365: Missing $ inserted.
<inserted text> 
                $
l.1365 \lastpagebutton{kepler15}
                                
I've inserted a begin-math/end-math symbol since I think
you left one out. Proceed, with fingers crossed.


Overfull \hbox (47.94022pt too wide) in paragraph at lines 1364--1365
[][]\OT1/cmss/m/n/10.95 kepler15$[][][][][][][][][][]$  
 []

/Users/metinsan/Documents/doktor/AST2000/interactive-notes/1B/interaktive_forelesningsnotater_1B_del1_av_2.tex:1384: Missing number, treated as zero.
<to be read again> 
                   }
l.1384 \label
             {kepler16}
A number should have been here; I inserted `0'.
(If you can't figure out why I needed to see a number,
look up `weird error' in the index to The TeXbook.)

/Users/metinsan/Documents/doktor/AST2000/interactive-notes/1B/interaktive_forelesningsnotater_1B_del1_av_2.tex:1384: Illegal unit of measure (pt inserted).
<to be read again> 
                   }
l.1384 \label
             {kepler16}
Dimensions can be in units of em, ex, in, pt, pc,
cm, mm, dd, cc, nd, nc, bp, or sp; but yours is a new one!
I'll assume that you meant to say pt, for printer's points.
To recover gracefully from this error, it's best to
delete the erroneous units; e.g., type `2' to delete
two letters. (See Chapter 27 of The TeXbook.)

/Users/metinsan/Documents/doktor/AST2000/interactive-notes/1B/interaktive_forelesningsnotater_1B_del1_av_2.tex:1397: Extra }, or forgotten \endgroup.
\endframe ->\egroup 
                    \begingroup \def \@currenvir {frame}
l.1397 \end{frame}
                  
I've deleted a group-closing symbol because it seems to be
spurious, as in `$x}$'. But perhaps the } is legitimate and
you forgot something else, as in `\hbox{$x}'. In such cases
the way to recover is to insert both the forgotten and the
deleted material, e.g., by typing `I$}'.

/Users/metinsan/Documents/doktor/AST2000/interactive-notes/1B/interaktive_forelesningsnotater_1B_del1_av_2.tex:1402: Missing number, treated as zero.
<to be read again> 
                   }
l.1402 \label
             {feil_kepler17}
A number should have been here; I inserted `0'.
(If you can't figure out why I needed to see a number,
look up `weird error' in the index to The TeXbook.)

/Users/metinsan/Documents/doktor/AST2000/interactive-notes/1B/interaktive_forelesningsnotater_1B_del1_av_2.tex:1402: Illegal unit of measure (pt inserted).
<to be read again> 
                   }
l.1402 \label
             {feil_kepler17}
Dimensions can be in units of em, ex, in, pt, pc,
cm, mm, dd, cc, nd, nc, bp, or sp; but yours is a new one!
I'll assume that you meant to say pt, for printer's points.
To recover gracefully from this error, it's best to
delete the erroneous units; e.g., type `2' to delete
two letters. (See Chapter 27 of The TeXbook.)

/Users/metinsan/Documents/doktor/AST2000/interactive-notes/1B/interaktive_forelesningsnotater_1B_del1_av_2.tex:1402: Missing $ inserted.
<inserted text> 
                $
l.1402 \label{feil_
                   kepler17}
I've inserted a begin-math/end-math symbol since I think
you left one out. Proceed, with fingers crossed.

/Users/metinsan/Documents/doktor/AST2000/interactive-notes/1B/interaktive_forelesningsnotater_1B_del1_av_2.tex:1402: Extra }, or forgotten $.
l.1402 \label{feil_kepler17}
                            
I've deleted a group-closing symbol because it seems to be
spurious, as in `$x}$'. But perhaps the } is legitimate and
you forgot something else, as in `\hbox{$x}'. In such cases
the way to recover is to insert both the forgotten and the
deleted material, e.g., by typing `I$}'.


LaTeX Font Warning: Command \tiny invalid in math mode on input line 1403.


LaTeX Font Warning: Command \Huge invalid in math mode on input line 1404.


/Users/metinsan/Documents/doktor/AST2000/interactive-notes/1B/interaktive_forelesningsnotater_1B_del1_av_2.tex:1405: LaTeX Error: There's no line here to end.

See the LaTeX manual or LaTeX Companion for explanation.
Type  H <return>  for immediate help.
 ...                                              
                                                  
l.1405 ...meget spennende forelesningen i emnet}\\
                                                  
Your command was ignored.
Type  I <command> <return>  to replace it with another command,
or  <return>  to continue without it.

/Users/metinsan/Documents/doktor/AST2000/interactive-notes/1B/interaktive_forelesningsnotater_1B_del1_av_2.tex:1405: Missing $ inserted.
<inserted text> 
                $
l.1405 ...meget spennende forelesningen i emnet}\\
                                                  
I've inserted a begin-math/end-math symbol since I think
you left one out. Proceed, with fingers crossed.

/Users/metinsan/Documents/doktor/AST2000/interactive-notes/1B/interaktive_forelesningsnotater_1B_del1_av_2.tex:1405: Missing } inserted.
<inserted text> 
                }
l.1405 ...meget spennende forelesningen i emnet}\\
                                                  
I've inserted something that you may have forgotten.
(See the <inserted text> above.)
With luck, this will get me unwedged. But if you
really didn't forget anything, try typing `2' now; then
my insertion and my current dilemma will both disappear.


Overfull \hbox (44.2929pt too wide) in paragraph at lines 1402--1405
[][]\OT1/cmss/m/n/10.95 feil$[]\OT1/mathkerncmss/m/sl/10.95 epler\OT1/cmss/m/n/10.95 17[][][][][][][]$  
 []

/Users/metinsan/Documents/doktor/AST2000/interactive-notes/1B/interaktive_forelesningsnotater_1B_del1_av_2.tex:1410: Extra }, or forgotten \endgroup.
\endframe ->\egroup 
                    \begingroup \def \@currenvir {frame}
l.1410 \end{frame}
                  
I've deleted a group-closing symbol because it seems to be
spurious, as in `$x}$'. But perhaps the } is legitimate and
you forgot something else, as in `\hbox{$x}'. In such cases
the way to recover is to insert both the forgotten and the
deleted material, e.g., by typing `I$}'.

/Users/metinsan/Documents/doktor/AST2000/interactive-notes/1B/interaktive_forelesningsnotater_1B_del1_av_2.tex:1411: Extra }, or forgotten \endgroup.
l.1411 }
        
I've deleted a group-closing symbol because it seems to be
spurious, as in `$x}$'. But perhaps the } is legitimate and
you forgot something else, as in `\hbox{$x}'. In such cases
the way to recover is to insert both the forgotten and the
deleted material, e.g., by typing `I$}'.

/Users/metinsan/Documents/doktor/AST2000/interactive-notes/1B/interaktive_forelesningsnotater_1B_del1_av_2.tex:1414: Missing number, treated as zero.
<to be read again> 
                   }
l.1414 \label
             {oppsummering}
A number should have been here; I inserted `0'.
(If you can't figure out why I needed to see a number,
look up `weird error' in the index to The TeXbook.)

/Users/metinsan/Documents/doktor/AST2000/interactive-notes/1B/interaktive_forelesningsnotater_1B_del1_av_2.tex:1414: Illegal unit of measure (pt inserted).
<to be read again> 
                   }
l.1414 \label
             {oppsummering}
Dimensions can be in units of em, ex, in, pt, pc,
cm, mm, dd, cc, nd, nc, bp, or sp; but yours is a new one!
I'll assume that you meant to say pt, for printer's points.
To recover gracefully from this error, it's best to
delete the erroneous units; e.g., type `2' to delete
two letters. (See Chapter 27 of The TeXbook.)

/Users/metinsan/Documents/doktor/AST2000/interactive-notes/1B/interaktive_forelesningsnotater_1B_del1_av_2.tex:1425: Extra }, or forgotten \endgroup.
\endframe ->\egroup 
                    \begingroup \def \@currenvir {frame}
l.1425 \end{frame}
                  
I've deleted a group-closing symbol because it seems to be
spurious, as in `$x}$'. But perhaps the } is legitimate and
you forgot something else, as in `\hbox{$x}'. In such cases
the way to recover is to insert both the forgotten and the
deleted material, e.g., by typing `I$}'.

\tf@nav=\write6
\openout6 = `interaktive_forelesningsnotater_1B_del1_av_2.nav'.

\tf@toc=\write7
\openout7 = `interaktive_forelesningsnotater_1B_del1_av_2.toc'.

\tf@snm=\write8
\openout8 = `interaktive_forelesningsnotater_1B_del1_av_2.snm'.


/Users/metinsan/Documents/doktor/AST2000/interactive-notes/1B/interaktive_forelesningsnotater_1B_del1_av_2.tex:1428: LaTeX Error: \begin{frame} on input line 1413 ended by \end{document}.

See the LaTeX manual or LaTeX Companion for explanation.
Type  H <return>  for immediate help.
 ...                                              
                                                  
l.1428 \end{document}
                     
Your command was ignored.
Type  I <command> <return>  to replace it with another command,
or  <return>  to continue without it.

Package atveryend Info: Empty hook `BeforeClearDocument' on input line 1428.
Package atveryend Info: Empty hook `AfterLastShipout' on input line 1428.
(/Users/metinsan/Documents/doktor/AST2000/interactive-notes/1B/interaktive_forelesningsnotater_1B_del1_av_2.aux)
Package atveryend Info: Executing hook `AtVeryEndDocument' on input line 1428.
Package atveryend Info: Executing hook `AtEndAfterFileList' on input line 1428.


Package rerunfilecheck Warning: File `interaktive_forelesningsnotater_1B_del1_av_2.out' has changed.
(rerunfilecheck)                Rerun to get outlines right
(rerunfilecheck)                or use package `bookmark'.

Package rerunfilecheck Info: Checksums for `interaktive_forelesningsnotater_1B_del1_av_2.out':
(rerunfilecheck)             Before: <no file>
(rerunfilecheck)             After:  D41D8CD98F00B204E9800998ECF8427E;0.

LaTeX Warning: There were undefined references.


LaTeX Warning: Label(s) may have changed. Rerun to get cross-references right.

/Users/metinsan/Documents/doktor/AST2000/interactive-notes/1B/interaktive_forelesningsnotater_1B_del1_av_2.tex:1428: You can't use `\end' in internal vertical mode.
\enddocument ...cumenthook \deadcycles \z@ \@@end 
                                                  
l.1428 \end{document}
                     
Sorry, but I'm not programmed to handle this case;
I'll just pretend that you didn't ask for it.
If you're in the wrong mode, you might be able to
return to the right one by typing `I}' or `I$' or `I\par'.


/Users/metinsan/Documents/doktor/AST2000/interactive-notes/1B/interaktive_forelesningsnotater_1B_del1_av_2.tex:1428: LaTeX Error: \begin{frame} on input line 1413 ended by \end{document}.

See the LaTeX manual or LaTeX Companion for explanation.
Type  H <return>  for immediate help.
 ...                                              
                                                  
l.1428 \end{document}
                     
Your command was ignored.
Type  I <command> <return>  to replace it with another command,
or  <return>  to continue without it.

)
! Emergency stop.
<*> ...aktive_forelesningsnotater_1B_del1_av_2.tex
                                                  
*** (job aborted, no legal \end found)

 
Here is how much of TeX's memory you used:
 23475 strings out of 480608
 481286 string characters out of 5903630
 841808 words of memory out of 5000000
 38624 multiletter control sequences out of 15000+600000
 549283 words of font info for 84 fonts, out of 8000000 for 9000
 1141 hyphenation exceptions out of 8191
 58i,13n,92p,1070b,1264s stack positions out of 5000i,500n,10000p,200000b,80000s
!  ==> Fatal error occurred, no output PDF file produced!
